<?xml version="1.0" encoding="UTF-8"?>
<robot generator="Robot 4.1.2 (Python 3.7.4 on linux)" generated="20211024 11:17:28.179" rpa="false" schemaversion="2">
<suite id="s1" name="Test" source="/home/bree/robotframework-testing/test.robot">
<test id="s1-t1" name="User can search for accommodations by inputting city names">
<kw name="Given The user have opened the page">
<kw name="Open Browser" library="SeleniumLibrary">
<arg>${url_main}</arg>
<arg>${browser}</arg>
<doc>Opens a new browser instance to the optional ``url``.</doc>
<msg timestamp="20211024 11:17:28.297" level="INFO">Opening browser 'chrome' to base url 'https://www.airbnb.com'.</msg>
<status status="PASS" starttime="20211024 11:17:28.297" endtime="20211024 11:17:30.438"/>
</kw>
<kw name="Get Title" library="SeleniumLibrary">
<var>${Get_title}</var>
<doc>Returns the title of the current page.</doc>
<msg timestamp="20211024 11:17:30.451" level="INFO">${Get_title} = Airbnb: Vacation Rentals, Cabins, Beach Houses, Unique Homes &amp; Experiences</msg>
<status status="PASS" starttime="20211024 11:17:30.439" endtime="20211024 11:17:30.451"/>
</kw>
<kw name="Should Be Equal As Strings" library="BuiltIn">
<arg>${Get_title}</arg>
<arg>Airbnb: Vacation Rentals, Cabins, Beach Houses, Unique Homes &amp; Experiences</arg>
<doc>Fails if objects are unequal after converting them to strings.</doc>
<status status="PASS" starttime="20211024 11:17:30.452" endtime="20211024 11:17:30.453"/>
</kw>
<kw name="Page Should Contain Element" library="SeleniumLibrary">
<arg>id:bigsearch-query-attached-location-input</arg>
<doc>Verifies that element ``locator`` is found on the current page.</doc>
<msg timestamp="20211024 11:17:30.486" level="INFO">Current page contains element 'id:bigsearch-query-attached-location-input'.</msg>
<status status="PASS" starttime="20211024 11:17:30.453" endtime="20211024 11:17:30.486"/>
</kw>
<kw name="Page Should Contain" library="SeleniumLibrary">
<arg>Not sure where to go? Perfect.</arg>
<doc>Verifies that current page contains ``text``.</doc>
<msg timestamp="20211024 11:17:30.592" level="INFO">Current page contains text 'Not sure where to go? Perfect.'.</msg>
<status status="PASS" starttime="20211024 11:17:30.486" endtime="20211024 11:17:30.592"/>
</kw>
<kw name="Sleep" library="BuiltIn">
<arg>5s</arg>
<doc>Pauses the test executed for the given time.</doc>
<msg timestamp="20211024 11:17:35.593" level="INFO">Slept 5 seconds</msg>
<status status="PASS" starttime="20211024 11:17:30.592" endtime="20211024 11:17:35.593"/>
</kw>
<status status="PASS" starttime="20211024 11:17:28.297" endtime="20211024 11:17:35.594"/>
</kw>
<kw name="When The user enter the destination city and click search">
<kw name="Input Text" library="SeleniumLibrary">
<arg>id:bigsearch-query-attached-location-input</arg>
<arg>${location}</arg>
<doc>Types the given ``text`` into the text field identified by ``locator``.</doc>
<msg timestamp="20211024 11:17:35.597" level="INFO">Typing text 'New York' into text field 'id:bigsearch-query-attached-location-input'.</msg>
<status status="PASS" starttime="20211024 11:17:35.596" endtime="20211024 11:17:35.921"/>
</kw>
<kw name="Submit Form" library="SeleniumLibrary">
<doc>Submits a form identified by ``locator``.</doc>
<msg timestamp="20211024 11:17:35.922" level="INFO">Submitting form 'None'.</msg>
<status status="PASS" starttime="20211024 11:17:35.922" endtime="20211024 11:17:36.044"/>
</kw>
<kw name="Wait Until Page Contains" library="SeleniumLibrary">
<arg>Stays in ${location}</arg>
<doc>Waits until ``text`` appears on the current page.</doc>
<status status="PASS" starttime="20211024 11:17:36.044" endtime="20211024 11:17:37.200"/>
</kw>
<kw name="Sleep" library="BuiltIn">
<arg>5s</arg>
<doc>Pauses the test executed for the given time.</doc>
<msg timestamp="20211024 11:17:42.201" level="INFO">Slept 5 seconds</msg>
<status status="PASS" starttime="20211024 11:17:37.201" endtime="20211024 11:17:42.202"/>
</kw>
<status status="PASS" starttime="20211024 11:17:35.595" endtime="20211024 11:17:42.202"/>
</kw>
<kw name="Then The user can find a list of accommodations located in the destination city">
<kw name="Page Should Contain" library="SeleniumLibrary">
<arg>Stays in ${location}</arg>
<doc>Verifies that current page contains ``text``.</doc>
<msg timestamp="20211024 11:17:42.240" level="INFO">Current page contains text 'Stays in New York'.</msg>
<status status="PASS" starttime="20211024 11:17:42.204" endtime="20211024 11:17:42.240"/>
</kw>
<kw name="Page Should Contain Element" library="SeleniumLibrary">
<arg>id:menuItemButton-room_type</arg>
<doc>Verifies that element ``locator`` is found on the current page.</doc>
<msg timestamp="20211024 11:17:42.260" level="INFO">Current page contains element 'id:menuItemButton-room_type'.</msg>
<status status="PASS" starttime="20211024 11:17:42.240" endtime="20211024 11:17:42.260"/>
</kw>
<kw name="Page Should Contain Element" library="SeleniumLibrary">
<arg>id:menuItemButton-price_range</arg>
<doc>Verifies that element ``locator`` is found on the current page.</doc>
<msg timestamp="20211024 11:17:42.275" level="INFO">Current page contains element 'id:menuItemButton-price_range'.</msg>
<status status="PASS" starttime="20211024 11:17:42.260" endtime="20211024 11:17:42.275"/>
</kw>
<kw name="Page Should Contain Element" library="SeleniumLibrary">
<arg>id:menuItemButton-flexible_cancellation</arg>
<doc>Verifies that element ``locator`` is found on the current page.</doc>
<msg timestamp="20211024 11:17:42.289" level="INFO">Current page contains element 'id:menuItemButton-flexible_cancellation'.</msg>
<status status="PASS" starttime="20211024 11:17:42.276" endtime="20211024 11:17:42.289"/>
</kw>
<status status="PASS" starttime="20211024 11:17:42.203" endtime="20211024 11:17:42.289"/>
</kw>
<kw name="Close All Browsers" library="SeleniumLibrary" type="TEARDOWN">
<doc>Closes all open browsers and resets the browser cache.</doc>
<status status="PASS" starttime="20211024 11:17:42.289" endtime="20211024 11:17:42.355"/>
</kw>
<doc>The user can search for accommodations based on the location</doc>
<status status="PASS" starttime="20211024 11:17:28.296" endtime="20211024 11:17:42.355"/>
</test>
<test id="s1-t2" name="User can not login with empty phone number input">
<kw name="Given The user opened the login page">
<kw name="Open Browser" library="SeleniumLibrary">
<arg>${url_login}</arg>
<arg>${browser}</arg>
<doc>Opens a new browser instance to the optional ``url``.</doc>
<msg timestamp="20211024 11:17:42.357" level="INFO">Opening browser 'chrome' to base url 'https://www.airbnb.com/login'.</msg>
<status status="PASS" starttime="20211024 11:17:42.357" endtime="20211024 11:17:44.483"/>
</kw>
<kw name="Get Title" library="SeleniumLibrary">
<var>${Get_title}</var>
<doc>Returns the title of the current page.</doc>
<msg timestamp="20211024 11:17:44.499" level="INFO">${Get_title} = Log In / Sign Up</msg>
<status status="PASS" starttime="20211024 11:17:44.484" endtime="20211024 11:17:44.499"/>
</kw>
<kw name="Should Be Equal As Strings" library="BuiltIn">
<arg>${Get_title}</arg>
<arg>Log In / Sign Up</arg>
<doc>Fails if objects are unequal after converting them to strings.</doc>
<status status="PASS" starttime="20211024 11:17:44.499" endtime="20211024 11:17:44.500"/>
</kw>
<kw name="Wait Until Page Contains Element" library="SeleniumLibrary">
<arg>id:phoneInputphoneNumber</arg>
<doc>Waits until the element ``locator`` appears on the current page.</doc>
<status status="PASS" starttime="20211024 11:17:44.500" endtime="20211024 11:17:44.536"/>
</kw>
<kw name="Page Should Contain" library="SeleniumLibrary">
<arg>Welcome to Airbnb</arg>
<doc>Verifies that current page contains ``text``.</doc>
<msg timestamp="20211024 11:17:44.710" level="INFO">Current page contains text 'Welcome to Airbnb'.</msg>
<status status="PASS" starttime="20211024 11:17:44.536" endtime="20211024 11:17:44.710"/>
</kw>
<kw name="Sleep" library="BuiltIn">
<arg>5s</arg>
<doc>Pauses the test executed for the given time.</doc>
<msg timestamp="20211024 11:17:49.711" level="INFO">Slept 5 seconds</msg>
<status status="PASS" starttime="20211024 11:17:44.710" endtime="20211024 11:17:49.712"/>
</kw>
<status status="PASS" starttime="20211024 11:17:42.356" endtime="20211024 11:17:49.713"/>
</kw>
<kw name="When The user click on the Continue button">
<kw name="Submit Form" library="SeleniumLibrary">
<doc>Submits a form identified by ``locator``.</doc>
<msg timestamp="20211024 11:17:49.716" level="INFO">Submitting form 'None'.</msg>
<status status="PASS" starttime="20211024 11:17:49.715" endtime="20211024 11:17:49.875"/>
</kw>
<kw name="Sleep" library="BuiltIn">
<arg>3s</arg>
<doc>Pauses the test executed for the given time.</doc>
<msg timestamp="20211024 11:17:52.876" level="INFO">Slept 3 seconds</msg>
<status status="PASS" starttime="20211024 11:17:49.875" endtime="20211024 11:17:52.876"/>
</kw>
<status status="PASS" starttime="20211024 11:17:49.714" endtime="20211024 11:17:52.877"/>
</kw>
<kw name="Then There is error about empty phone number shown on the page">
<kw name="Page Should Contain Element" library="SeleniumLibrary">
<arg>id:phone-number-error-phoneNumber</arg>
<doc>Verifies that element ``locator`` is found on the current page.</doc>
<msg timestamp="20211024 11:17:52.898" level="INFO">Current page contains element 'id:phone-number-error-phoneNumber'.</msg>
<status status="PASS" starttime="20211024 11:17:52.879" endtime="20211024 11:17:52.898"/>
</kw>
<kw name="Page Should Contain" library="SeleniumLibrary">
<arg>Phone number is required.</arg>
<doc>Verifies that current page contains ``text``.</doc>
<msg timestamp="20211024 11:17:52.926" level="INFO">Current page contains text 'Phone number is required.'.</msg>
<status status="PASS" starttime="20211024 11:17:52.898" endtime="20211024 11:17:52.926"/>
</kw>
<status status="PASS" starttime="20211024 11:17:52.878" endtime="20211024 11:17:52.927"/>
</kw>
<kw name="Close All Browsers" library="SeleniumLibrary" type="TEARDOWN">
<doc>Closes all open browsers and resets the browser cache.</doc>
<status status="PASS" starttime="20211024 11:17:52.927" endtime="20211024 11:17:53.004"/>
</kw>
<doc>The user can not continue to login if no phone number is entered</doc>
<status status="PASS" starttime="20211024 11:17:42.355" endtime="20211024 11:17:53.004"/>
</test>
<test id="s1-t3" name="User can not login with fake phone number">
<kw name="Given The user opened the login page">
<kw name="Open Browser" library="SeleniumLibrary">
<arg>${url_login}</arg>
<arg>${browser}</arg>
<doc>Opens a new browser instance to the optional ``url``.</doc>
<msg timestamp="20211024 11:17:53.007" level="INFO">Opening browser 'chrome' to base url 'https://www.airbnb.com/login'.</msg>
<status status="PASS" starttime="20211024 11:17:53.006" endtime="20211024 11:17:55.234"/>
</kw>
<kw name="Get Title" library="SeleniumLibrary">
<var>${Get_title}</var>
<doc>Returns the title of the current page.</doc>
<msg timestamp="20211024 11:17:55.245" level="INFO">${Get_title} = Log In / Sign Up</msg>
<status status="PASS" starttime="20211024 11:17:55.235" endtime="20211024 11:17:55.245"/>
</kw>
<kw name="Should Be Equal As Strings" library="BuiltIn">
<arg>${Get_title}</arg>
<arg>Log In / Sign Up</arg>
<doc>Fails if objects are unequal after converting them to strings.</doc>
<status status="PASS" starttime="20211024 11:17:55.245" endtime="20211024 11:17:55.246"/>
</kw>
<kw name="Wait Until Page Contains Element" library="SeleniumLibrary">
<arg>id:phoneInputphoneNumber</arg>
<doc>Waits until the element ``locator`` appears on the current page.</doc>
<status status="PASS" starttime="20211024 11:17:55.246" endtime="20211024 11:17:55.277"/>
</kw>
<kw name="Page Should Contain" library="SeleniumLibrary">
<arg>Welcome to Airbnb</arg>
<doc>Verifies that current page contains ``text``.</doc>
<msg timestamp="20211024 11:17:55.424" level="INFO">Current page contains text 'Welcome to Airbnb'.</msg>
<status status="PASS" starttime="20211024 11:17:55.277" endtime="20211024 11:17:55.425"/>
</kw>
<kw name="Sleep" library="BuiltIn">
<arg>5s</arg>
<doc>Pauses the test executed for the given time.</doc>
<msg timestamp="20211024 11:18:00.426" level="INFO">Slept 5 seconds</msg>
<status status="PASS" starttime="20211024 11:17:55.425" endtime="20211024 11:18:00.426"/>
</kw>
<status status="PASS" starttime="20211024 11:17:53.006" endtime="20211024 11:18:00.427"/>
</kw>
<kw name="When The user change the country code to Finland if it was not">
<kw name="Get Selected List Value" library="SeleniumLibrary">
<var>${Get_country}</var>
<arg>${xpathToCountry}</arg>
<doc>Returns the value of selected option from selection list ``locator``.</doc>
<msg timestamp="20211024 11:18:01.344" level="INFO">${Get_country} = 358FI</msg>
<status status="PASS" starttime="20211024 11:18:00.429" endtime="20211024 11:18:01.344"/>
</kw>
<kw name="Run Keyword If" library="BuiltIn">
<arg>'${Get_country}' != '${Finland_code}'</arg>
<arg>Select From List By Value</arg>
<arg>${xpathToCountry} ${Finland_code}</arg>
<doc>Runs the given keyword with the given arguments, if ``condition`` is true.</doc>
<status status="PASS" starttime="20211024 11:18:01.344" endtime="20211024 11:18:01.344"/>
</kw>
<kw name="Sleep" library="BuiltIn">
<arg>3s</arg>
<doc>Pauses the test executed for the given time.</doc>
<msg timestamp="20211024 11:18:04.345" level="INFO">Slept 3 seconds</msg>
<status status="PASS" starttime="20211024 11:18:01.344" endtime="20211024 11:18:04.345"/>
</kw>
<kw name="Page Should Contain" library="SeleniumLibrary">
<arg>${Finland_code}</arg>
<doc>Verifies that current page contains ``text``.</doc>
<msg timestamp="20211024 11:18:04.396" level="INFO">Current page contains text '358FI'.</msg>
<status status="PASS" starttime="20211024 11:18:04.346" endtime="20211024 11:18:04.396"/>
</kw>
<status status="PASS" starttime="20211024 11:18:00.428" endtime="20211024 11:18:04.397"/>
</kw>
<kw name="And The user enter an invalid number">
<arg>${fake_number}</arg>
<kw name="Input Text" library="SeleniumLibrary">
<arg>id:phoneInputphoneNumber</arg>
<arg>${input_number}</arg>
<doc>Types the given ``text`` into the text field identified by ``locator``.</doc>
<msg timestamp="20211024 11:18:04.398" level="INFO">Typing text '123456' into text field 'id:phoneInputphoneNumber'.</msg>
<status status="PASS" starttime="20211024 11:18:04.398" endtime="20211024 11:18:04.656"/>
</kw>
<kw name="Submit Form" library="SeleniumLibrary">
<doc>Submits a form identified by ``locator``.</doc>
<msg timestamp="20211024 11:18:04.657" level="INFO">Submitting form 'None'.</msg>
<status status="PASS" starttime="20211024 11:18:04.656" endtime="20211024 11:18:04.751"/>
</kw>
<kw name="Sleep" library="BuiltIn">
<arg>3s</arg>
<doc>Pauses the test executed for the given time.</doc>
<msg timestamp="20211024 11:18:07.752" level="INFO">Slept 3 seconds</msg>
<status status="PASS" starttime="20211024 11:18:04.751" endtime="20211024 11:18:07.753"/>
</kw>
<status status="PASS" starttime="20211024 11:18:04.397" endtime="20211024 11:18:07.753"/>
</kw>
<kw name="Then There is error about a fake phone number">
<kw name="Page Should Contain" library="SeleniumLibrary">
<arg>We can't send a code to this phone number. Try using a different one.</arg>
<doc>Verifies that current page contains ``text``.</doc>
<msg timestamp="20211024 11:18:07.813" level="INFO">Current page contains text 'We can't send a code to this phone number. Try using a different one.'.</msg>
<status status="PASS" starttime="20211024 11:18:07.756" endtime="20211024 11:18:07.814"/>
</kw>
<status status="PASS" starttime="20211024 11:18:07.754" endtime="20211024 11:18:07.814"/>
</kw>
<kw name="Close All Browsers" library="SeleniumLibrary" type="TEARDOWN">
<doc>Closes all open browsers and resets the browser cache.</doc>
<status status="PASS" starttime="20211024 11:18:07.814" endtime="20211024 11:18:07.893"/>
</kw>
<doc>The user can not login by entering fake phone number</doc>
<status status="PASS" starttime="20211024 11:17:53.005" endtime="20211024 11:18:07.893"/>
</test>
<test id="s1-t4" name="User can not enter letters into phone number input field">
<kw name="Given The user opened the login page">
<kw name="Open Browser" library="SeleniumLibrary">
<arg>${url_login}</arg>
<arg>${browser}</arg>
<doc>Opens a new browser instance to the optional ``url``.</doc>
<msg timestamp="20211024 11:18:07.896" level="INFO">Opening browser 'chrome' to base url 'https://www.airbnb.com/login'.</msg>
<status status="PASS" starttime="20211024 11:18:07.895" endtime="20211024 11:18:10.084"/>
</kw>
<kw name="Get Title" library="SeleniumLibrary">
<var>${Get_title}</var>
<doc>Returns the title of the current page.</doc>
<msg timestamp="20211024 11:18:10.110" level="INFO">${Get_title} = Log In / Sign Up</msg>
<status status="PASS" starttime="20211024 11:18:10.085" endtime="20211024 11:18:10.110"/>
</kw>
<kw name="Should Be Equal As Strings" library="BuiltIn">
<arg>${Get_title}</arg>
<arg>Log In / Sign Up</arg>
<doc>Fails if objects are unequal after converting them to strings.</doc>
<status status="PASS" starttime="20211024 11:18:10.110" endtime="20211024 11:18:10.111"/>
</kw>
<kw name="Wait Until Page Contains Element" library="SeleniumLibrary">
<arg>id:phoneInputphoneNumber</arg>
<doc>Waits until the element ``locator`` appears on the current page.</doc>
<status status="PASS" starttime="20211024 11:18:10.111" endtime="20211024 11:18:10.257"/>
</kw>
<kw name="Page Should Contain" library="SeleniumLibrary">
<arg>Welcome to Airbnb</arg>
<doc>Verifies that current page contains ``text``.</doc>
<msg timestamp="20211024 11:18:10.324" level="INFO">Current page contains text 'Welcome to Airbnb'.</msg>
<status status="PASS" starttime="20211024 11:18:10.258" endtime="20211024 11:18:10.324"/>
</kw>
<kw name="Sleep" library="BuiltIn">
<arg>5s</arg>
<doc>Pauses the test executed for the given time.</doc>
<msg timestamp="20211024 11:18:15.325" level="INFO">Slept 5 seconds</msg>
<status status="PASS" starttime="20211024 11:18:10.324" endtime="20211024 11:18:15.325"/>
</kw>
<status status="PASS" starttime="20211024 11:18:07.895" endtime="20211024 11:18:15.326"/>
</kw>
<kw name="When The user enter an invalid number">
<arg>${lettersStr}</arg>
<kw name="Input Text" library="SeleniumLibrary">
<arg>id:phoneInputphoneNumber</arg>
<arg>${input_number}</arg>
<doc>Types the given ``text`` into the text field identified by ``locator``.</doc>
<msg timestamp="20211024 11:18:15.330" level="INFO">Typing text 'abcdef' into text field 'id:phoneInputphoneNumber'.</msg>
<status status="PASS" starttime="20211024 11:18:15.328" endtime="20211024 11:18:15.570"/>
</kw>
<kw name="Submit Form" library="SeleniumLibrary">
<doc>Submits a form identified by ``locator``.</doc>
<msg timestamp="20211024 11:18:15.571" level="INFO">Submitting form 'None'.</msg>
<status status="PASS" starttime="20211024 11:18:15.571" endtime="20211024 11:18:15.670"/>
</kw>
<kw name="Sleep" library="BuiltIn">
<arg>3s</arg>
<doc>Pauses the test executed for the given time.</doc>
<msg timestamp="20211024 11:18:18.671" level="INFO">Slept 3 seconds</msg>
<status status="PASS" starttime="20211024 11:18:15.670" endtime="20211024 11:18:18.671"/>
</kw>
<status status="PASS" starttime="20211024 11:18:15.327" endtime="20211024 11:18:18.672"/>
</kw>
<kw name="Then There is error about empty phone number shown on the page">
<kw name="Page Should Contain Element" library="SeleniumLibrary">
<arg>id:phone-number-error-phoneNumber</arg>
<doc>Verifies that element ``locator`` is found on the current page.</doc>
<msg timestamp="20211024 11:18:18.718" level="INFO">Current page contains element 'id:phone-number-error-phoneNumber'.</msg>
<status status="PASS" starttime="20211024 11:18:18.674" endtime="20211024 11:18:18.718"/>
</kw>
<kw name="Page Should Contain" library="SeleniumLibrary">
<arg>Phone number is required.</arg>
<doc>Verifies that current page contains ``text``.</doc>
<msg timestamp="20211024 11:18:18.743" level="INFO">Current page contains text 'Phone number is required.'.</msg>
<status status="PASS" starttime="20211024 11:18:18.718" endtime="20211024 11:18:18.743"/>
</kw>
<status status="PASS" starttime="20211024 11:18:18.673" endtime="20211024 11:18:18.743"/>
</kw>
<kw name="Close All Browsers" library="SeleniumLibrary" type="TEARDOWN">
<doc>Closes all open browsers and resets the browser cache.</doc>
<status status="PASS" starttime="20211024 11:18:18.744" endtime="20211024 11:18:18.805"/>
</kw>
<doc>The phone number input can not take letters as input</doc>
<status status="PASS" starttime="20211024 11:18:07.894" endtime="20211024 11:18:18.805"/>
</test>
<doc>This suite contains simple test demo for www.airbnb.com</doc>
<status status="PASS" starttime="20211024 11:17:28.180" endtime="20211024 11:18:18.806"/>
</suite>
<statistics>
<total>
<stat pass="4" fail="0" skip="0">All Tests</stat>
</total>
<tag>
</tag>
<suite>
<stat pass="4" fail="0" skip="0" id="s1" name="Test">Test</stat>
</suite>
</statistics>
<errors>
</errors>
</robot>
