<?xml version="1.0" encoding="UTF-8"?>
<robot generator="Robot 4.1.2 (Python 3.9.7 on darwin)" generated="20211025 22:30:09.760" rpa="false" schemaversion="2">
<suite id="s1" name="Test" source="/Users/bree/Robot_framework/Airbnb-Smoke-Test-with-Robot-Framework/test.robot">
<test id="s1-t1" name="User can search for accommodations by inputting city names">
<kw name="Given The user have opened the main page">
<kw name="Open Browser" library="SeleniumLibrary">
<arg>${url_main}</arg>
<arg>${browser}</arg>
<doc>Opens a new browser instance to the optional ``url``.</doc>
<msg timestamp="20211025 22:30:09.889" level="INFO">Opening browser 'chrome' to base url 'https://www.airbnb.com'.</msg>
<status status="PASS" starttime="20211025 22:30:09.888" endtime="20211025 22:30:11.928"/>
</kw>
<kw name="Get Title" library="SeleniumLibrary">
<var>${Get_title}</var>
<doc>Returns the title of the current page.</doc>
<msg timestamp="20211025 22:30:11.950" level="INFO">${Get_title} = Airbnb: Vacation Rentals, Cabins, Beach Houses, Unique Homes &amp; Experiences</msg>
<status status="PASS" starttime="20211025 22:30:11.929" endtime="20211025 22:30:11.950"/>
</kw>
<kw name="Should Be Equal As Strings" library="BuiltIn">
<arg>${Get_title}</arg>
<arg>Airbnb: Vacation Rentals, Cabins, Beach Houses, Unique Homes &amp; Experiences</arg>
<doc>Fails if objects are unequal after converting them to strings.</doc>
<status status="PASS" starttime="20211025 22:30:11.950" endtime="20211025 22:30:11.950"/>
</kw>
<kw name="Page Should Contain Element" library="SeleniumLibrary">
<arg>id:bigsearch-query-attached-location-input</arg>
<doc>Verifies that element ``locator`` is found on the current page.</doc>
<msg timestamp="20211025 22:30:12.044" level="INFO">Current page contains element 'id:bigsearch-query-attached-location-input'.</msg>
<status status="PASS" starttime="20211025 22:30:11.950" endtime="20211025 22:30:12.044"/>
</kw>
<kw name="Page Should Contain" library="SeleniumLibrary">
<arg>Not sure where to go? Perfect.</arg>
<doc>Verifies that current page contains ``text``.</doc>
<msg timestamp="20211025 22:30:12.082" level="INFO">Current page contains text 'Not sure where to go? Perfect.'.</msg>
<status status="PASS" starttime="20211025 22:30:12.044" endtime="20211025 22:30:12.082"/>
</kw>
<kw name="Sleep" library="BuiltIn">
<arg>5s</arg>
<doc>Pauses the test executed for the given time.</doc>
<msg timestamp="20211025 22:30:17.083" level="INFO">Slept 5 seconds</msg>
<status status="PASS" starttime="20211025 22:30:12.082" endtime="20211025 22:30:17.083"/>
</kw>
<status status="PASS" starttime="20211025 22:30:09.888" endtime="20211025 22:30:17.084"/>
</kw>
<kw name="When The user enter the destination city and click Search">
<kw name="Input Text" library="SeleniumLibrary">
<arg>id:bigsearch-query-attached-location-input</arg>
<arg>${location}</arg>
<doc>Types the given ``text`` into the text field identified by ``locator``.</doc>
<msg timestamp="20211025 22:30:17.084" level="INFO">Typing text 'New York' into text field 'id:bigsearch-query-attached-location-input'.</msg>
<status status="PASS" starttime="20211025 22:30:17.084" endtime="20211025 22:30:17.274"/>
</kw>
<kw name="Submit Form" library="SeleniumLibrary">
<doc>Submits a form identified by ``locator``.</doc>
<msg timestamp="20211025 22:30:17.274" level="INFO">Submitting form 'None'.</msg>
<status status="PASS" starttime="20211025 22:30:17.274" endtime="20211025 22:30:17.334"/>
</kw>
<kw name="Wait Until Page Contains" library="SeleniumLibrary">
<arg>Stays in ${location}</arg>
<doc>Waits until ``text`` appears on the current page.</doc>
<status status="PASS" starttime="20211025 22:30:17.334" endtime="20211025 22:30:18.608"/>
</kw>
<kw name="Sleep" library="BuiltIn">
<arg>5s</arg>
<doc>Pauses the test executed for the given time.</doc>
<msg timestamp="20211025 22:30:23.610" level="INFO">Slept 5 seconds</msg>
<status status="PASS" starttime="20211025 22:30:18.608" endtime="20211025 22:30:23.610"/>
</kw>
<status status="PASS" starttime="20211025 22:30:17.084" endtime="20211025 22:30:23.610"/>
</kw>
<kw name="Then The user can find the result page of the destination">
<kw name="Page Should Contain" library="SeleniumLibrary">
<arg>Stays in ${location}</arg>
<doc>Verifies that current page contains ``text``.</doc>
<msg timestamp="20211025 22:30:23.624" level="INFO">Current page contains text 'Stays in New York'.</msg>
<status status="PASS" starttime="20211025 22:30:23.610" endtime="20211025 22:30:23.624"/>
</kw>
<kw name="Page Should Contain Element" library="SeleniumLibrary">
<arg>id:menuItemButton-room_type</arg>
<doc>Verifies that element ``locator`` is found on the current page.</doc>
<msg timestamp="20211025 22:30:23.631" level="INFO">Current page contains element 'id:menuItemButton-room_type'.</msg>
<status status="PASS" starttime="20211025 22:30:23.624" endtime="20211025 22:30:23.632"/>
</kw>
<kw name="Page Should Contain Element" library="SeleniumLibrary">
<arg>id:menuItemButton-price_range</arg>
<doc>Verifies that element ``locator`` is found on the current page.</doc>
<msg timestamp="20211025 22:30:23.638" level="INFO">Current page contains element 'id:menuItemButton-price_range'.</msg>
<status status="PASS" starttime="20211025 22:30:23.632" endtime="20211025 22:30:23.639"/>
</kw>
<kw name="Page Should Contain Element" library="SeleniumLibrary">
<arg>id:menuItemButton-flexible_cancellation</arg>
<doc>Verifies that element ``locator`` is found on the current page.</doc>
<msg timestamp="20211025 22:30:23.645" level="INFO">Current page contains element 'id:menuItemButton-flexible_cancellation'.</msg>
<status status="PASS" starttime="20211025 22:30:23.639" endtime="20211025 22:30:23.645"/>
</kw>
<status status="PASS" starttime="20211025 22:30:23.610" endtime="20211025 22:30:23.646"/>
</kw>
<kw name="Close All Browsers" library="SeleniumLibrary" type="TEARDOWN">
<doc>Closes all open browsers and resets the browser cache.</doc>
<status status="PASS" starttime="20211025 22:30:23.646" endtime="20211025 22:30:23.746"/>
</kw>
<doc>The user can search for accommodations based on the location</doc>
<status status="PASS" starttime="20211025 22:30:09.887" endtime="20211025 22:30:23.746"/>
</test>
<test id="s1-t2" name="User can filter result by type of place">
<kw name="Given The user have opened the main page">
<kw name="Open Browser" library="SeleniumLibrary">
<arg>${url_main}</arg>
<arg>${browser}</arg>
<doc>Opens a new browser instance to the optional ``url``.</doc>
<msg timestamp="20211025 22:30:23.748" level="INFO">Opening browser 'chrome' to base url 'https://www.airbnb.com'.</msg>
<status status="PASS" starttime="20211025 22:30:23.748" endtime="20211025 22:30:25.762"/>
</kw>
<kw name="Get Title" library="SeleniumLibrary">
<var>${Get_title}</var>
<doc>Returns the title of the current page.</doc>
<msg timestamp="20211025 22:30:25.782" level="INFO">${Get_title} = Airbnb: Vacation Rentals, Cabins, Beach Houses, Unique Homes &amp; Experiences</msg>
<status status="PASS" starttime="20211025 22:30:25.763" endtime="20211025 22:30:25.782"/>
</kw>
<kw name="Should Be Equal As Strings" library="BuiltIn">
<arg>${Get_title}</arg>
<arg>Airbnb: Vacation Rentals, Cabins, Beach Houses, Unique Homes &amp; Experiences</arg>
<doc>Fails if objects are unequal after converting them to strings.</doc>
<status status="PASS" starttime="20211025 22:30:25.783" endtime="20211025 22:30:25.783"/>
</kw>
<kw name="Page Should Contain Element" library="SeleniumLibrary">
<arg>id:bigsearch-query-attached-location-input</arg>
<doc>Verifies that element ``locator`` is found on the current page.</doc>
<msg timestamp="20211025 22:30:25.878" level="INFO">Current page contains element 'id:bigsearch-query-attached-location-input'.</msg>
<status status="PASS" starttime="20211025 22:30:25.783" endtime="20211025 22:30:25.879"/>
</kw>
<kw name="Page Should Contain" library="SeleniumLibrary">
<arg>Not sure where to go? Perfect.</arg>
<doc>Verifies that current page contains ``text``.</doc>
<msg timestamp="20211025 22:30:25.915" level="INFO">Current page contains text 'Not sure where to go? Perfect.'.</msg>
<status status="PASS" starttime="20211025 22:30:25.879" endtime="20211025 22:30:25.915"/>
</kw>
<kw name="Sleep" library="BuiltIn">
<arg>5s</arg>
<doc>Pauses the test executed for the given time.</doc>
<msg timestamp="20211025 22:30:30.917" level="INFO">Slept 5 seconds</msg>
<status status="PASS" starttime="20211025 22:30:25.915" endtime="20211025 22:30:30.917"/>
</kw>
<status status="PASS" starttime="20211025 22:30:23.747" endtime="20211025 22:30:30.917"/>
</kw>
<kw name="And The user enter the destination city and click Search">
<kw name="Input Text" library="SeleniumLibrary">
<arg>id:bigsearch-query-attached-location-input</arg>
<arg>${location}</arg>
<doc>Types the given ``text`` into the text field identified by ``locator``.</doc>
<msg timestamp="20211025 22:30:30.918" level="INFO">Typing text 'New York' into text field 'id:bigsearch-query-attached-location-input'.</msg>
<status status="PASS" starttime="20211025 22:30:30.918" endtime="20211025 22:30:31.107"/>
</kw>
<kw name="Submit Form" library="SeleniumLibrary">
<doc>Submits a form identified by ``locator``.</doc>
<msg timestamp="20211025 22:30:31.107" level="INFO">Submitting form 'None'.</msg>
<status status="PASS" starttime="20211025 22:30:31.107" endtime="20211025 22:30:31.167"/>
</kw>
<kw name="Wait Until Page Contains" library="SeleniumLibrary">
<arg>Stays in ${location}</arg>
<doc>Waits until ``text`` appears on the current page.</doc>
<status status="PASS" starttime="20211025 22:30:31.167" endtime="20211025 22:30:32.228"/>
</kw>
<kw name="Sleep" library="BuiltIn">
<arg>5s</arg>
<doc>Pauses the test executed for the given time.</doc>
<msg timestamp="20211025 22:30:37.230" level="INFO">Slept 5 seconds</msg>
<status status="PASS" starttime="20211025 22:30:32.228" endtime="20211025 22:30:37.231"/>
</kw>
<status status="PASS" starttime="20211025 22:30:30.917" endtime="20211025 22:30:37.231"/>
</kw>
<kw name="Then The user can find the result page of the destination">
<kw name="Page Should Contain" library="SeleniumLibrary">
<arg>Stays in ${location}</arg>
<doc>Verifies that current page contains ``text``.</doc>
<msg timestamp="20211025 22:30:37.245" level="INFO">Current page contains text 'Stays in New York'.</msg>
<status status="PASS" starttime="20211025 22:30:37.231" endtime="20211025 22:30:37.245"/>
</kw>
<kw name="Page Should Contain Element" library="SeleniumLibrary">
<arg>id:menuItemButton-room_type</arg>
<doc>Verifies that element ``locator`` is found on the current page.</doc>
<msg timestamp="20211025 22:30:37.252" level="INFO">Current page contains element 'id:menuItemButton-room_type'.</msg>
<status status="PASS" starttime="20211025 22:30:37.245" endtime="20211025 22:30:37.252"/>
</kw>
<kw name="Page Should Contain Element" library="SeleniumLibrary">
<arg>id:menuItemButton-price_range</arg>
<doc>Verifies that element ``locator`` is found on the current page.</doc>
<msg timestamp="20211025 22:30:37.259" level="INFO">Current page contains element 'id:menuItemButton-price_range'.</msg>
<status status="PASS" starttime="20211025 22:30:37.252" endtime="20211025 22:30:37.259"/>
</kw>
<kw name="Page Should Contain Element" library="SeleniumLibrary">
<arg>id:menuItemButton-flexible_cancellation</arg>
<doc>Verifies that element ``locator`` is found on the current page.</doc>
<msg timestamp="20211025 22:30:37.266" level="INFO">Current page contains element 'id:menuItemButton-flexible_cancellation'.</msg>
<status status="PASS" starttime="20211025 22:30:37.259" endtime="20211025 22:30:37.266"/>
</kw>
<status status="PASS" starttime="20211025 22:30:37.231" endtime="20211025 22:30:37.266"/>
</kw>
<kw name="And The user can filter the result by type of place">
<kw name="Click Element" library="SeleniumLibrary">
<arg>xpath://*[@id="menuItemButton-room_type"]/button/span[1]/div</arg>
<doc>Click the element identified by ``locator``.</doc>
<msg timestamp="20211025 22:30:37.267" level="INFO">Clicking element 'xpath://*[@id="menuItemButton-room_type"]/button/span[1]/div'.</msg>
<status status="PASS" starttime="20211025 22:30:37.266" endtime="20211025 22:30:37.314"/>
</kw>
<kw name="Sleep" library="BuiltIn">
<arg>3s</arg>
<doc>Pauses the test executed for the given time.</doc>
<msg timestamp="20211025 22:30:40.316" level="INFO">Slept 3 seconds</msg>
<status status="PASS" starttime="20211025 22:30:37.314" endtime="20211025 22:30:40.316"/>
</kw>
<kw name="Click Element" library="SeleniumLibrary">
<arg>id:filterItem-room_type-checkbox-room_types-Hotel_room-row-checkbox</arg>
<doc>Click the element identified by ``locator``.</doc>
<msg timestamp="20211025 22:30:40.316" level="INFO">Clicking element 'id:filterItem-room_type-checkbox-room_types-Hotel_room-row-checkbox'.</msg>
<status status="PASS" starttime="20211025 22:30:40.316" endtime="20211025 22:30:40.368"/>
</kw>
<kw name="Click Button" library="SeleniumLibrary">
<arg>id:filter-panel-save-button</arg>
<doc>Clicks the button identified by ``locator``.</doc>
<msg timestamp="20211025 22:30:40.368" level="INFO">Clicking button 'id:filter-panel-save-button'.</msg>
<status status="PASS" starttime="20211025 22:30:40.368" endtime="20211025 22:30:40.414"/>
</kw>
<kw name="Sleep" library="BuiltIn">
<arg>3s</arg>
<doc>Pauses the test executed for the given time.</doc>
<msg timestamp="20211025 22:30:43.417" level="INFO">Slept 3 seconds</msg>
<status status="PASS" starttime="20211025 22:30:40.414" endtime="20211025 22:30:43.417"/>
</kw>
<kw name="Element Should Contain" library="SeleniumLibrary">
<arg>xpath://*[@id="menuItemButton-room_type"]/button/span[1]/div/span[1]</arg>
<arg>${typeOfPlace}</arg>
<doc>Verifies that element ``locator`` contains text ``expected``.</doc>
<msg timestamp="20211025 22:30:43.436" level="INFO">Element 'xpath://*[@id="menuItemButton-room_type"]/button/span[1]/div/span[1]' contains text 'Hotel room'.</msg>
<status status="PASS" starttime="20211025 22:30:43.417" endtime="20211025 22:30:43.436"/>
</kw>
<status status="PASS" starttime="20211025 22:30:37.266" endtime="20211025 22:30:43.436"/>
</kw>
<kw name="Close All Browsers" library="SeleniumLibrary" type="TEARDOWN">
<doc>Closes all open browsers and resets the browser cache.</doc>
<status status="PASS" starttime="20211025 22:30:43.436" endtime="20211025 22:30:43.541"/>
</kw>
<doc>The user can filter the search result by type of place</doc>
<status status="PASS" starttime="20211025 22:30:23.747" endtime="20211025 22:30:43.541"/>
</test>
<test id="s1-t3" name="User can not login with empty phone number input">
<kw name="Given The user opened the login page">
<kw name="Open Browser" library="SeleniumLibrary">
<arg>${url_login}</arg>
<arg>${browser}</arg>
<doc>Opens a new browser instance to the optional ``url``.</doc>
<msg timestamp="20211025 22:30:43.543" level="INFO">Opening browser 'chrome' to base url 'https://www.airbnb.com/login'.</msg>
<status status="PASS" starttime="20211025 22:30:43.543" endtime="20211025 22:30:46.498"/>
</kw>
<kw name="Get Title" library="SeleniumLibrary">
<var>${Get_title}</var>
<doc>Returns the title of the current page.</doc>
<msg timestamp="20211025 22:30:46.502" level="INFO">${Get_title} = Log In / Sign Up</msg>
<status status="PASS" starttime="20211025 22:30:46.499" endtime="20211025 22:30:46.502"/>
</kw>
<kw name="Should Be Equal As Strings" library="BuiltIn">
<arg>${Get_title}</arg>
<arg>Log In / Sign Up</arg>
<doc>Fails if objects are unequal after converting them to strings.</doc>
<status status="PASS" starttime="20211025 22:30:46.502" endtime="20211025 22:30:46.503"/>
</kw>
<kw name="Wait Until Page Contains Element" library="SeleniumLibrary">
<arg>id:phoneInputphoneNumber</arg>
<doc>Waits until the element ``locator`` appears on the current page.</doc>
<status status="PASS" starttime="20211025 22:30:46.503" endtime="20211025 22:30:46.513"/>
</kw>
<kw name="Page Should Contain" library="SeleniumLibrary">
<arg>Welcome to Airbnb</arg>
<doc>Verifies that current page contains ``text``.</doc>
<msg timestamp="20211025 22:30:46.526" level="INFO">Current page contains text 'Welcome to Airbnb'.</msg>
<status status="PASS" starttime="20211025 22:30:46.513" endtime="20211025 22:30:46.526"/>
</kw>
<kw name="Sleep" library="BuiltIn">
<arg>5s</arg>
<doc>Pauses the test executed for the given time.</doc>
<msg timestamp="20211025 22:30:51.527" level="INFO">Slept 5 seconds</msg>
<status status="PASS" starttime="20211025 22:30:46.526" endtime="20211025 22:30:51.527"/>
</kw>
<status status="PASS" starttime="20211025 22:30:43.543" endtime="20211025 22:30:51.528"/>
</kw>
<kw name="When The user click on the Continue button">
<kw name="Submit Form" library="SeleniumLibrary">
<doc>Submits a form identified by ``locator``.</doc>
<msg timestamp="20211025 22:30:51.528" level="INFO">Submitting form 'None'.</msg>
<status status="PASS" starttime="20211025 22:30:51.528" endtime="20211025 22:30:51.596"/>
</kw>
<kw name="Sleep" library="BuiltIn">
<arg>5s</arg>
<doc>Pauses the test executed for the given time.</doc>
<msg timestamp="20211025 22:30:56.597" level="INFO">Slept 5 seconds</msg>
<status status="PASS" starttime="20211025 22:30:51.596" endtime="20211025 22:30:56.597"/>
</kw>
<status status="PASS" starttime="20211025 22:30:51.528" endtime="20211025 22:30:56.597"/>
</kw>
<kw name="Then There is error about empty phone number shown on the page">
<kw name="Page Should Contain Element" library="SeleniumLibrary">
<arg>id:phone-number-error-phoneNumber</arg>
<doc>Verifies that element ``locator`` is found on the current page.</doc>
<msg timestamp="20211025 22:30:56.605" level="INFO">Current page contains element 'id:phone-number-error-phoneNumber'.</msg>
<status status="PASS" starttime="20211025 22:30:56.598" endtime="20211025 22:30:56.605"/>
</kw>
<kw name="Page Should Contain" library="SeleniumLibrary">
<arg>Phone number is required.</arg>
<doc>Verifies that current page contains ``text``.</doc>
<msg timestamp="20211025 22:30:56.617" level="INFO">Current page contains text 'Phone number is required.'.</msg>
<status status="PASS" starttime="20211025 22:30:56.606" endtime="20211025 22:30:56.617"/>
</kw>
<status status="PASS" starttime="20211025 22:30:56.597" endtime="20211025 22:30:56.617"/>
</kw>
<kw name="Close All Browsers" library="SeleniumLibrary" type="TEARDOWN">
<doc>Closes all open browsers and resets the browser cache.</doc>
<status status="PASS" starttime="20211025 22:30:56.618" endtime="20211025 22:30:56.699"/>
</kw>
<doc>The user can not continue to login if no phone number is entered</doc>
<status status="PASS" starttime="20211025 22:30:43.542" endtime="20211025 22:30:56.700"/>
</test>
<test id="s1-t4" name="User can not login with fake phone number">
<kw name="Given The user opened the login page">
<kw name="Open Browser" library="SeleniumLibrary">
<arg>${url_login}</arg>
<arg>${browser}</arg>
<doc>Opens a new browser instance to the optional ``url``.</doc>
<msg timestamp="20211025 22:30:56.702" level="INFO">Opening browser 'chrome' to base url 'https://www.airbnb.com/login'.</msg>
<status status="PASS" starttime="20211025 22:30:56.702" endtime="20211025 22:30:59.492"/>
</kw>
<kw name="Get Title" library="SeleniumLibrary">
<var>${Get_title}</var>
<doc>Returns the title of the current page.</doc>
<msg timestamp="20211025 22:30:59.518" level="INFO">${Get_title} = Log In / Sign Up</msg>
<status status="PASS" starttime="20211025 22:30:59.493" endtime="20211025 22:30:59.518"/>
</kw>
<kw name="Should Be Equal As Strings" library="BuiltIn">
<arg>${Get_title}</arg>
<arg>Log In / Sign Up</arg>
<doc>Fails if objects are unequal after converting them to strings.</doc>
<status status="PASS" starttime="20211025 22:30:59.518" endtime="20211025 22:30:59.519"/>
</kw>
<kw name="Wait Until Page Contains Element" library="SeleniumLibrary">
<arg>id:phoneInputphoneNumber</arg>
<doc>Waits until the element ``locator`` appears on the current page.</doc>
<status status="PASS" starttime="20211025 22:30:59.519" endtime="20211025 22:30:59.622"/>
</kw>
<kw name="Page Should Contain" library="SeleniumLibrary">
<arg>Welcome to Airbnb</arg>
<doc>Verifies that current page contains ``text``.</doc>
<msg timestamp="20211025 22:30:59.667" level="INFO">Current page contains text 'Welcome to Airbnb'.</msg>
<status status="PASS" starttime="20211025 22:30:59.622" endtime="20211025 22:30:59.667"/>
</kw>
<kw name="Sleep" library="BuiltIn">
<arg>5s</arg>
<doc>Pauses the test executed for the given time.</doc>
<msg timestamp="20211025 22:31:04.670" level="INFO">Slept 5 seconds</msg>
<status status="PASS" starttime="20211025 22:30:59.667" endtime="20211025 22:31:04.670"/>
</kw>
<status status="PASS" starttime="20211025 22:30:56.701" endtime="20211025 22:31:04.670"/>
</kw>
<kw name="And The user change the country code to Finland if it was not">
<kw name="Get Selected List Value" library="SeleniumLibrary">
<var>${Get_country}</var>
<arg>${xpathToCountry}</arg>
<doc>Returns the value of selected option from selection list ``locator``.</doc>
<msg timestamp="20211025 22:31:05.115" level="INFO">${Get_country} = 358FI</msg>
<status status="PASS" starttime="20211025 22:31:04.671" endtime="20211025 22:31:05.115"/>
</kw>
<kw name="Run Keyword If" library="BuiltIn">
<arg>'${Get_country}' != '${Finland_code}'</arg>
<arg>Select From List By Value</arg>
<arg>${xpathToCountry} ${Finland_code}</arg>
<doc>Runs the given keyword with the given arguments, if ``condition`` is true.</doc>
<status status="PASS" starttime="20211025 22:31:05.115" endtime="20211025 22:31:05.115"/>
</kw>
<kw name="Sleep" library="BuiltIn">
<arg>3s</arg>
<doc>Pauses the test executed for the given time.</doc>
<msg timestamp="20211025 22:31:08.116" level="INFO">Slept 3 seconds</msg>
<status status="PASS" starttime="20211025 22:31:05.115" endtime="20211025 22:31:08.116"/>
</kw>
<kw name="Page Should Contain" library="SeleniumLibrary">
<arg>${Finland_code}</arg>
<doc>Verifies that current page contains ``text``.</doc>
<msg timestamp="20211025 22:31:08.127" level="INFO">Current page contains text '358FI'.</msg>
<status status="PASS" starttime="20211025 22:31:08.116" endtime="20211025 22:31:08.127"/>
</kw>
<status status="PASS" starttime="20211025 22:31:04.670" endtime="20211025 22:31:08.128"/>
</kw>
<kw name="When The user enter an invalid number">
<arg>${fake_number}</arg>
<kw name="Input Text" library="SeleniumLibrary">
<arg>id:phoneInputphoneNumber</arg>
<arg>${input_number}</arg>
<doc>Types the given ``text`` into the text field identified by ``locator``.</doc>
<msg timestamp="20211025 22:31:08.128" level="INFO">Typing text '601969763' into text field 'id:phoneInputphoneNumber'.</msg>
<status status="PASS" starttime="20211025 22:31:08.128" endtime="20211025 22:31:08.299"/>
</kw>
<status status="PASS" starttime="20211025 22:31:08.128" endtime="20211025 22:31:08.299"/>
</kw>
<kw name="And The User Click On The Continue Button">
<kw name="Submit Form" library="SeleniumLibrary">
<doc>Submits a form identified by ``locator``.</doc>
<msg timestamp="20211025 22:31:08.300" level="INFO">Submitting form 'None'.</msg>
<status status="PASS" starttime="20211025 22:31:08.300" endtime="20211025 22:31:08.361"/>
</kw>
<kw name="Sleep" library="BuiltIn">
<arg>5s</arg>
<doc>Pauses the test executed for the given time.</doc>
<msg timestamp="20211025 22:31:13.362" level="INFO">Slept 5 seconds</msg>
<status status="PASS" starttime="20211025 22:31:08.362" endtime="20211025 22:31:13.362"/>
</kw>
<status status="PASS" starttime="20211025 22:31:08.299" endtime="20211025 22:31:13.362"/>
</kw>
<kw name="Then There is error about a fake phone number">
<kw name="Page Should Contain" library="SeleniumLibrary">
<arg>We can't send a code to this phone number. Try using a different one.</arg>
<doc>Verifies that current page contains ``text``.</doc>
<msg timestamp="20211025 22:31:13.375" level="INFO">Current page contains text 'We can't send a code to this phone number. Try using a different one.'.</msg>
<status status="PASS" starttime="20211025 22:31:13.363" endtime="20211025 22:31:13.375"/>
</kw>
<status status="PASS" starttime="20211025 22:31:13.362" endtime="20211025 22:31:13.375"/>
</kw>
<kw name="Close All Browsers" library="SeleniumLibrary" type="TEARDOWN">
<doc>Closes all open browsers and resets the browser cache.</doc>
<status status="PASS" starttime="20211025 22:31:13.375" endtime="20211025 22:31:13.463"/>
</kw>
<doc>The user can not login by entering fake phone number.
This test case might fail due to the Airbnb page robot detector.
Or it already reach the maximum attempts. This test case need improvment.
Otherwise, this is test case needs to be dropped from automated test.</doc>
<status status="PASS" starttime="20211025 22:30:56.700" endtime="20211025 22:31:13.463"/>
</test>
<test id="s1-t5" name="User can not enter letters into phone number input field">
<kw name="Given The user opened the login page">
<kw name="Open Browser" library="SeleniumLibrary">
<arg>${url_login}</arg>
<arg>${browser}</arg>
<doc>Opens a new browser instance to the optional ``url``.</doc>
<msg timestamp="20211025 22:31:13.465" level="INFO">Opening browser 'chrome' to base url 'https://www.airbnb.com/login'.</msg>
<status status="PASS" starttime="20211025 22:31:13.465" endtime="20211025 22:31:16.217"/>
</kw>
<kw name="Get Title" library="SeleniumLibrary">
<var>${Get_title}</var>
<doc>Returns the title of the current page.</doc>
<msg timestamp="20211025 22:31:16.249" level="INFO">${Get_title} = Log In / Sign Up</msg>
<status status="PASS" starttime="20211025 22:31:16.218" endtime="20211025 22:31:16.249"/>
</kw>
<kw name="Should Be Equal As Strings" library="BuiltIn">
<arg>${Get_title}</arg>
<arg>Log In / Sign Up</arg>
<doc>Fails if objects are unequal after converting them to strings.</doc>
<status status="PASS" starttime="20211025 22:31:16.249" endtime="20211025 22:31:16.249"/>
</kw>
<kw name="Wait Until Page Contains Element" library="SeleniumLibrary">
<arg>id:phoneInputphoneNumber</arg>
<doc>Waits until the element ``locator`` appears on the current page.</doc>
<status status="PASS" starttime="20211025 22:31:16.249" endtime="20211025 22:31:16.356"/>
</kw>
<kw name="Page Should Contain" library="SeleniumLibrary">
<arg>Welcome to Airbnb</arg>
<doc>Verifies that current page contains ``text``.</doc>
<msg timestamp="20211025 22:31:16.408" level="INFO">Current page contains text 'Welcome to Airbnb'.</msg>
<status status="PASS" starttime="20211025 22:31:16.356" endtime="20211025 22:31:16.408"/>
</kw>
<kw name="Sleep" library="BuiltIn">
<arg>5s</arg>
<doc>Pauses the test executed for the given time.</doc>
<msg timestamp="20211025 22:31:21.409" level="INFO">Slept 5 seconds</msg>
<status status="PASS" starttime="20211025 22:31:16.408" endtime="20211025 22:31:21.410"/>
</kw>
<status status="PASS" starttime="20211025 22:31:13.465" endtime="20211025 22:31:21.410"/>
</kw>
<kw name="When The user enter an invalid number">
<arg>${lettersStr}</arg>
<kw name="Input Text" library="SeleniumLibrary">
<arg>id:phoneInputphoneNumber</arg>
<arg>${input_number}</arg>
<doc>Types the given ``text`` into the text field identified by ``locator``.</doc>
<msg timestamp="20211025 22:31:21.411" level="INFO">Typing text 'abcdef' into text field 'id:phoneInputphoneNumber'.</msg>
<status status="PASS" starttime="20211025 22:31:21.410" endtime="20211025 22:31:21.553"/>
</kw>
<status status="PASS" starttime="20211025 22:31:21.410" endtime="20211025 22:31:21.553"/>
</kw>
<kw name="And The User Click On The Continue Button">
<kw name="Submit Form" library="SeleniumLibrary">
<doc>Submits a form identified by ``locator``.</doc>
<msg timestamp="20211025 22:31:21.554" level="INFO">Submitting form 'None'.</msg>
<status status="PASS" starttime="20211025 22:31:21.554" endtime="20211025 22:31:21.623"/>
</kw>
<kw name="Sleep" library="BuiltIn">
<arg>5s</arg>
<doc>Pauses the test executed for the given time.</doc>
<msg timestamp="20211025 22:31:26.624" level="INFO">Slept 5 seconds</msg>
<status status="PASS" starttime="20211025 22:31:21.623" endtime="20211025 22:31:26.624"/>
</kw>
<status status="PASS" starttime="20211025 22:31:21.554" endtime="20211025 22:31:26.625"/>
</kw>
<kw name="Then There is error about empty phone number shown on the page">
<kw name="Page Should Contain Element" library="SeleniumLibrary">
<arg>id:phone-number-error-phoneNumber</arg>
<doc>Verifies that element ``locator`` is found on the current page.</doc>
<msg timestamp="20211025 22:31:26.633" level="INFO">Current page contains element 'id:phone-number-error-phoneNumber'.</msg>
<status status="PASS" starttime="20211025 22:31:26.625" endtime="20211025 22:31:26.633"/>
</kw>
<kw name="Page Should Contain" library="SeleniumLibrary">
<arg>Phone number is required.</arg>
<doc>Verifies that current page contains ``text``.</doc>
<msg timestamp="20211025 22:31:26.645" level="INFO">Current page contains text 'Phone number is required.'.</msg>
<status status="PASS" starttime="20211025 22:31:26.633" endtime="20211025 22:31:26.645"/>
</kw>
<status status="PASS" starttime="20211025 22:31:26.625" endtime="20211025 22:31:26.645"/>
</kw>
<kw name="Close All Browsers" library="SeleniumLibrary" type="TEARDOWN">
<doc>Closes all open browsers and resets the browser cache.</doc>
<status status="PASS" starttime="20211025 22:31:26.645" endtime="20211025 22:31:26.724"/>
</kw>
<doc>The phone number input can not take letters as input</doc>
<status status="PASS" starttime="20211025 22:31:13.464" endtime="20211025 22:31:26.724"/>
</test>
<doc>This suite contains simple test demo for www.airbnb.com. The demonstrations contains the following
cases:

User can search for accommodations by inputting city names 
User can not login with empty phone number input 
User can not login with fake phone number 
User can not enter letters into phone number input field 

The scope of this project is limited to the functional testing of the features described above of this
document. Non-functional testing like stress,performance is beyond scope of this project.</doc>
<status status="PASS" starttime="20211025 22:30:09.761" endtime="20211025 22:31:26.726"/>
</suite>
<statistics>
<total>
<stat pass="5" fail="0" skip="0">All Tests</stat>
</total>
<tag>
</tag>
<suite>
<stat pass="5" fail="0" skip="0" id="s1" name="Test">Test</stat>
</suite>
</statistics>
<errors>
</errors>
</robot>
