<?xml version="1.0" encoding="UTF-8"?>
<robot generator="Robot 4.1.2 (Python 3.9.7 on darwin)" generated="20211024 12:07:20.636" rpa="false" schemaversion="2">
<suite id="s1" name="Test" source="/Users/bree/Robot_framework/Airbnb-Smoke-Test-with-Robot-Framework/test.robot">
<test id="s1-t1" name="User can search for accommodations by inputting city names">
<kw name="Given The user have opened the page">
<kw name="Open Browser" library="SeleniumLibrary">
<arg>${url_main}</arg>
<arg>${browser}</arg>
<doc>Opens a new browser instance to the optional ``url``.</doc>
<msg timestamp="20211024 12:07:20.768" level="INFO">Opening browser 'chrome' to base url 'https://www.airbnb.com'.</msg>
<status status="PASS" starttime="20211024 12:07:20.768" endtime="20211024 12:07:22.955"/>
</kw>
<kw name="Get Title" library="SeleniumLibrary">
<var>${Get_title}</var>
<doc>Returns the title of the current page.</doc>
<msg timestamp="20211024 12:07:22.990" level="INFO">${Get_title} = Airbnb: Vacation Rentals, Cabins, Beach Houses, Unique Homes &amp; Experiences</msg>
<status status="PASS" starttime="20211024 12:07:22.956" endtime="20211024 12:07:22.990"/>
</kw>
<kw name="Should Be Equal As Strings" library="BuiltIn">
<arg>${Get_title}</arg>
<arg>Airbnb: Vacation Rentals, Cabins, Beach Houses, Unique Homes &amp; Experiences</arg>
<doc>Fails if objects are unequal after converting them to strings.</doc>
<status status="PASS" starttime="20211024 12:07:22.990" endtime="20211024 12:07:22.990"/>
</kw>
<kw name="Page Should Contain Element" library="SeleniumLibrary">
<arg>id:bigsearch-query-attached-location-input</arg>
<doc>Verifies that element ``locator`` is found on the current page.</doc>
<msg timestamp="20211024 12:07:23.072" level="INFO">Current page contains element 'id:bigsearch-query-attached-location-input'.</msg>
<status status="PASS" starttime="20211024 12:07:22.990" endtime="20211024 12:07:23.072"/>
</kw>
<kw name="Page Should Contain" library="SeleniumLibrary">
<arg>Not sure where to go? Perfect.</arg>
<doc>Verifies that current page contains ``text``.</doc>
<msg timestamp="20211024 12:07:23.097" level="INFO">Current page contains text 'Not sure where to go? Perfect.'.</msg>
<status status="PASS" starttime="20211024 12:07:23.072" endtime="20211024 12:07:23.097"/>
</kw>
<kw name="Sleep" library="BuiltIn">
<arg>5s</arg>
<doc>Pauses the test executed for the given time.</doc>
<msg timestamp="20211024 12:07:28.100" level="INFO">Slept 5 seconds</msg>
<status status="PASS" starttime="20211024 12:07:23.097" endtime="20211024 12:07:28.100"/>
</kw>
<status status="PASS" starttime="20211024 12:07:20.767" endtime="20211024 12:07:28.100"/>
</kw>
<kw name="When The user enter the destination city and click search">
<kw name="Input Text" library="SeleniumLibrary">
<arg>id:bigsearch-query-attached-location-input</arg>
<arg>${location}</arg>
<doc>Types the given ``text`` into the text field identified by ``locator``.</doc>
<msg timestamp="20211024 12:07:28.101" level="INFO">Typing text 'New York' into text field 'id:bigsearch-query-attached-location-input'.</msg>
<status status="PASS" starttime="20211024 12:07:28.100" endtime="20211024 12:07:28.286"/>
</kw>
<kw name="Submit Form" library="SeleniumLibrary">
<doc>Submits a form identified by ``locator``.</doc>
<msg timestamp="20211024 12:07:28.286" level="INFO">Submitting form 'None'.</msg>
<status status="PASS" starttime="20211024 12:07:28.286" endtime="20211024 12:07:28.344"/>
</kw>
<kw name="Wait Until Page Contains" library="SeleniumLibrary">
<arg>Stays in ${location}</arg>
<doc>Waits until ``text`` appears on the current page.</doc>
<status status="PASS" starttime="20211024 12:07:28.345" endtime="20211024 12:07:29.409"/>
</kw>
<kw name="Sleep" library="BuiltIn">
<arg>5s</arg>
<doc>Pauses the test executed for the given time.</doc>
<msg timestamp="20211024 12:07:34.410" level="INFO">Slept 5 seconds</msg>
<status status="PASS" starttime="20211024 12:07:29.410" endtime="20211024 12:07:34.410"/>
</kw>
<status status="PASS" starttime="20211024 12:07:28.100" endtime="20211024 12:07:34.410"/>
</kw>
<kw name="Then The user can find a list of accommodations located in the destination city">
<kw name="Page Should Contain" library="SeleniumLibrary">
<arg>Stays in ${location}</arg>
<doc>Verifies that current page contains ``text``.</doc>
<msg timestamp="20211024 12:07:34.424" level="INFO">Current page contains text 'Stays in New York'.</msg>
<status status="PASS" starttime="20211024 12:07:34.411" endtime="20211024 12:07:34.424"/>
</kw>
<kw name="Page Should Contain Element" library="SeleniumLibrary">
<arg>id:menuItemButton-room_type</arg>
<doc>Verifies that element ``locator`` is found on the current page.</doc>
<msg timestamp="20211024 12:07:34.431" level="INFO">Current page contains element 'id:menuItemButton-room_type'.</msg>
<status status="PASS" starttime="20211024 12:07:34.424" endtime="20211024 12:07:34.431"/>
</kw>
<kw name="Page Should Contain Element" library="SeleniumLibrary">
<arg>id:menuItemButton-price_range</arg>
<doc>Verifies that element ``locator`` is found on the current page.</doc>
<msg timestamp="20211024 12:07:34.438" level="INFO">Current page contains element 'id:menuItemButton-price_range'.</msg>
<status status="PASS" starttime="20211024 12:07:34.431" endtime="20211024 12:07:34.438"/>
</kw>
<kw name="Page Should Contain Element" library="SeleniumLibrary">
<arg>id:menuItemButton-flexible_cancellation</arg>
<doc>Verifies that element ``locator`` is found on the current page.</doc>
<msg timestamp="20211024 12:07:34.444" level="INFO">Current page contains element 'id:menuItemButton-flexible_cancellation'.</msg>
<status status="PASS" starttime="20211024 12:07:34.438" endtime="20211024 12:07:34.445"/>
</kw>
<status status="PASS" starttime="20211024 12:07:34.410" endtime="20211024 12:07:34.445"/>
</kw>
<kw name="Close All Browsers" library="SeleniumLibrary" type="TEARDOWN">
<doc>Closes all open browsers and resets the browser cache.</doc>
<status status="PASS" starttime="20211024 12:07:34.445" endtime="20211024 12:07:34.545"/>
</kw>
<doc>The user can search for accommodations based on the location</doc>
<status status="PASS" starttime="20211024 12:07:20.767" endtime="20211024 12:07:34.545"/>
</test>
<test id="s1-t2" name="User can not login with empty phone number input">
<kw name="Given The user opened the login page">
<kw name="Open Browser" library="SeleniumLibrary">
<arg>${url_login}</arg>
<arg>${browser}</arg>
<doc>Opens a new browser instance to the optional ``url``.</doc>
<msg timestamp="20211024 12:07:34.547" level="INFO">Opening browser 'chrome' to base url 'https://www.airbnb.com/login'.</msg>
<status status="PASS" starttime="20211024 12:07:34.547" endtime="20211024 12:07:37.217"/>
</kw>
<kw name="Get Title" library="SeleniumLibrary">
<var>${Get_title}</var>
<doc>Returns the title of the current page.</doc>
<msg timestamp="20211024 12:07:37.243" level="INFO">${Get_title} = Log In / Sign Up</msg>
<status status="PASS" starttime="20211024 12:07:37.218" endtime="20211024 12:07:37.243"/>
</kw>
<kw name="Should Be Equal As Strings" library="BuiltIn">
<arg>${Get_title}</arg>
<arg>Log In / Sign Up</arg>
<doc>Fails if objects are unequal after converting them to strings.</doc>
<status status="PASS" starttime="20211024 12:07:37.243" endtime="20211024 12:07:37.243"/>
</kw>
<kw name="Wait Until Page Contains Element" library="SeleniumLibrary">
<arg>id:phoneInputphoneNumber</arg>
<doc>Waits until the element ``locator`` appears on the current page.</doc>
<status status="PASS" starttime="20211024 12:07:37.244" endtime="20211024 12:07:37.356"/>
</kw>
<kw name="Page Should Contain" library="SeleniumLibrary">
<arg>Welcome to Airbnb</arg>
<doc>Verifies that current page contains ``text``.</doc>
<msg timestamp="20211024 12:07:37.421" level="INFO">Current page contains text 'Welcome to Airbnb'.</msg>
<status status="PASS" starttime="20211024 12:07:37.356" endtime="20211024 12:07:37.421"/>
</kw>
<kw name="Sleep" library="BuiltIn">
<arg>5s</arg>
<doc>Pauses the test executed for the given time.</doc>
<msg timestamp="20211024 12:07:42.424" level="INFO">Slept 5 seconds</msg>
<status status="PASS" starttime="20211024 12:07:37.421" endtime="20211024 12:07:42.424"/>
</kw>
<status status="PASS" starttime="20211024 12:07:34.547" endtime="20211024 12:07:42.424"/>
</kw>
<kw name="When The user click on the Continue button">
<kw name="Submit Form" library="SeleniumLibrary">
<doc>Submits a form identified by ``locator``.</doc>
<msg timestamp="20211024 12:07:42.425" level="INFO">Submitting form 'None'.</msg>
<status status="PASS" starttime="20211024 12:07:42.425" endtime="20211024 12:07:42.497"/>
</kw>
<kw name="Sleep" library="BuiltIn">
<arg>3s</arg>
<doc>Pauses the test executed for the given time.</doc>
<msg timestamp="20211024 12:07:45.499" level="INFO">Slept 3 seconds</msg>
<status status="PASS" starttime="20211024 12:07:42.498" endtime="20211024 12:07:45.499"/>
</kw>
<status status="PASS" starttime="20211024 12:07:42.424" endtime="20211024 12:07:45.499"/>
</kw>
<kw name="Then There is error about empty phone number shown on the page">
<kw name="Page Should Contain Element" library="SeleniumLibrary">
<arg>id:phone-number-error-phoneNumber</arg>
<doc>Verifies that element ``locator`` is found on the current page.</doc>
<msg timestamp="20211024 12:07:45.508" level="INFO">Current page contains element 'id:phone-number-error-phoneNumber'.</msg>
<status status="PASS" starttime="20211024 12:07:45.500" endtime="20211024 12:07:45.508"/>
</kw>
<kw name="Page Should Contain" library="SeleniumLibrary">
<arg>Phone number is required.</arg>
<doc>Verifies that current page contains ``text``.</doc>
<msg timestamp="20211024 12:07:45.519" level="INFO">Current page contains text 'Phone number is required.'.</msg>
<status status="PASS" starttime="20211024 12:07:45.508" endtime="20211024 12:07:45.519"/>
</kw>
<status status="PASS" starttime="20211024 12:07:45.500" endtime="20211024 12:07:45.519"/>
</kw>
<kw name="Close All Browsers" library="SeleniumLibrary" type="TEARDOWN">
<doc>Closes all open browsers and resets the browser cache.</doc>
<status status="PASS" starttime="20211024 12:07:45.520" endtime="20211024 12:07:45.596"/>
</kw>
<doc>The user can not continue to login if no phone number is entered</doc>
<status status="PASS" starttime="20211024 12:07:34.546" endtime="20211024 12:07:45.597"/>
</test>
<test id="s1-t3" name="User can not login with fake phone number">
<kw name="Given The user opened the login page">
<kw name="Open Browser" library="SeleniumLibrary">
<arg>${url_login}</arg>
<arg>${browser}</arg>
<doc>Opens a new browser instance to the optional ``url``.</doc>
<msg timestamp="20211024 12:07:45.598" level="INFO">Opening browser 'chrome' to base url 'https://www.airbnb.com/login'.</msg>
<status status="PASS" starttime="20211024 12:07:45.598" endtime="20211024 12:07:48.230"/>
</kw>
<kw name="Get Title" library="SeleniumLibrary">
<var>${Get_title}</var>
<doc>Returns the title of the current page.</doc>
<msg timestamp="20211024 12:07:48.262" level="INFO">${Get_title} = Log In / Sign Up</msg>
<status status="PASS" starttime="20211024 12:07:48.230" endtime="20211024 12:07:48.262"/>
</kw>
<kw name="Should Be Equal As Strings" library="BuiltIn">
<arg>${Get_title}</arg>
<arg>Log In / Sign Up</arg>
<doc>Fails if objects are unequal after converting them to strings.</doc>
<status status="PASS" starttime="20211024 12:07:48.262" endtime="20211024 12:07:48.263"/>
</kw>
<kw name="Wait Until Page Contains Element" library="SeleniumLibrary">
<arg>id:phoneInputphoneNumber</arg>
<doc>Waits until the element ``locator`` appears on the current page.</doc>
<status status="PASS" starttime="20211024 12:07:48.263" endtime="20211024 12:07:48.393"/>
</kw>
<kw name="Page Should Contain" library="SeleniumLibrary">
<arg>Welcome to Airbnb</arg>
<doc>Verifies that current page contains ``text``.</doc>
<msg timestamp="20211024 12:07:48.456" level="INFO">Current page contains text 'Welcome to Airbnb'.</msg>
<status status="PASS" starttime="20211024 12:07:48.393" endtime="20211024 12:07:48.457"/>
</kw>
<kw name="Sleep" library="BuiltIn">
<arg>5s</arg>
<doc>Pauses the test executed for the given time.</doc>
<msg timestamp="20211024 12:07:53.460" level="INFO">Slept 5 seconds</msg>
<status status="PASS" starttime="20211024 12:07:48.457" endtime="20211024 12:07:53.460"/>
</kw>
<status status="PASS" starttime="20211024 12:07:45.597" endtime="20211024 12:07:53.460"/>
</kw>
<kw name="When The user change the country code to Finland if it was not">
<kw name="Get Selected List Value" library="SeleniumLibrary">
<var>${Get_country}</var>
<arg>${xpathToCountry}</arg>
<doc>Returns the value of selected option from selection list ``locator``.</doc>
<msg timestamp="20211024 12:07:53.918" level="INFO">${Get_country} = 358FI</msg>
<status status="PASS" starttime="20211024 12:07:53.460" endtime="20211024 12:07:53.918"/>
</kw>
<kw name="Run Keyword If" library="BuiltIn">
<arg>'${Get_country}' != '${Finland_code}'</arg>
<arg>Select From List By Value</arg>
<arg>${xpathToCountry} ${Finland_code}</arg>
<doc>Runs the given keyword with the given arguments, if ``condition`` is true.</doc>
<status status="PASS" starttime="20211024 12:07:53.918" endtime="20211024 12:07:53.919"/>
</kw>
<kw name="Sleep" library="BuiltIn">
<arg>3s</arg>
<doc>Pauses the test executed for the given time.</doc>
<msg timestamp="20211024 12:07:56.919" level="INFO">Slept 3 seconds</msg>
<status status="PASS" starttime="20211024 12:07:53.919" endtime="20211024 12:07:56.919"/>
</kw>
<kw name="Page Should Contain" library="SeleniumLibrary">
<arg>${Finland_code}</arg>
<doc>Verifies that current page contains ``text``.</doc>
<msg timestamp="20211024 12:07:56.931" level="INFO">Current page contains text '358FI'.</msg>
<status status="PASS" starttime="20211024 12:07:56.919" endtime="20211024 12:07:56.931"/>
</kw>
<status status="PASS" starttime="20211024 12:07:53.460" endtime="20211024 12:07:56.931"/>
</kw>
<kw name="And The user enter an invalid number">
<arg>${fake_number}</arg>
<kw name="Input Text" library="SeleniumLibrary">
<arg>id:phoneInputphoneNumber</arg>
<arg>${input_number}</arg>
<doc>Types the given ``text`` into the text field identified by ``locator``.</doc>
<msg timestamp="20211024 12:07:56.932" level="INFO">Typing text '123456' into text field 'id:phoneInputphoneNumber'.</msg>
<status status="PASS" starttime="20211024 12:07:56.932" endtime="20211024 12:07:57.069"/>
</kw>
<kw name="Submit Form" library="SeleniumLibrary">
<doc>Submits a form identified by ``locator``.</doc>
<msg timestamp="20211024 12:07:57.069" level="INFO">Submitting form 'None'.</msg>
<status status="PASS" starttime="20211024 12:07:57.069" endtime="20211024 12:07:57.124"/>
</kw>
<kw name="Sleep" library="BuiltIn">
<arg>3s</arg>
<doc>Pauses the test executed for the given time.</doc>
<msg timestamp="20211024 12:08:00.126" level="INFO">Slept 3 seconds</msg>
<status status="PASS" starttime="20211024 12:07:57.124" endtime="20211024 12:08:00.126"/>
</kw>
<status status="PASS" starttime="20211024 12:07:56.931" endtime="20211024 12:08:00.126"/>
</kw>
<kw name="Then There is error about a fake phone number">
<kw name="Page Should Contain" library="SeleniumLibrary">
<arg>We can't send a code to this phone number. Try using a different one.</arg>
<doc>Verifies that current page contains ``text``.</doc>
<msg timestamp="20211024 12:08:00.139" level="INFO">Current page contains text 'We can't send a code to this phone number. Try using a different one.'.</msg>
<status status="PASS" starttime="20211024 12:08:00.127" endtime="20211024 12:08:00.139"/>
</kw>
<status status="PASS" starttime="20211024 12:08:00.127" endtime="20211024 12:08:00.139"/>
</kw>
<kw name="Close All Browsers" library="SeleniumLibrary" type="TEARDOWN">
<doc>Closes all open browsers and resets the browser cache.</doc>
<status status="PASS" starttime="20211024 12:08:00.139" endtime="20211024 12:08:00.217"/>
</kw>
<doc>The user can not login by entering fake phone number</doc>
<status status="PASS" starttime="20211024 12:07:45.597" endtime="20211024 12:08:00.217"/>
</test>
<test id="s1-t4" name="User can not enter letters into phone number input field">
<kw name="Given The user opened the login page">
<kw name="Open Browser" library="SeleniumLibrary">
<arg>${url_login}</arg>
<arg>${browser}</arg>
<doc>Opens a new browser instance to the optional ``url``.</doc>
<msg timestamp="20211024 12:08:00.219" level="INFO">Opening browser 'chrome' to base url 'https://www.airbnb.com/login'.</msg>
<status status="PASS" starttime="20211024 12:08:00.218" endtime="20211024 12:08:03.025"/>
</kw>
<kw name="Get Title" library="SeleniumLibrary">
<var>${Get_title}</var>
<doc>Returns the title of the current page.</doc>
<msg timestamp="20211024 12:08:03.054" level="INFO">${Get_title} = Log In / Sign Up</msg>
<status status="PASS" starttime="20211024 12:08:03.025" endtime="20211024 12:08:03.054"/>
</kw>
<kw name="Should Be Equal As Strings" library="BuiltIn">
<arg>${Get_title}</arg>
<arg>Log In / Sign Up</arg>
<doc>Fails if objects are unequal after converting them to strings.</doc>
<status status="PASS" starttime="20211024 12:08:03.054" endtime="20211024 12:08:03.054"/>
</kw>
<kw name="Wait Until Page Contains Element" library="SeleniumLibrary">
<arg>id:phoneInputphoneNumber</arg>
<doc>Waits until the element ``locator`` appears on the current page.</doc>
<status status="PASS" starttime="20211024 12:08:03.054" endtime="20211024 12:08:03.167"/>
</kw>
<kw name="Page Should Contain" library="SeleniumLibrary">
<arg>Welcome to Airbnb</arg>
<doc>Verifies that current page contains ``text``.</doc>
<msg timestamp="20211024 12:08:03.211" level="INFO">Current page contains text 'Welcome to Airbnb'.</msg>
<status status="PASS" starttime="20211024 12:08:03.167" endtime="20211024 12:08:03.212"/>
</kw>
<kw name="Sleep" library="BuiltIn">
<arg>5s</arg>
<doc>Pauses the test executed for the given time.</doc>
<msg timestamp="20211024 12:08:08.212" level="INFO">Slept 5 seconds</msg>
<status status="PASS" starttime="20211024 12:08:03.212" endtime="20211024 12:08:08.212"/>
</kw>
<status status="PASS" starttime="20211024 12:08:00.218" endtime="20211024 12:08:08.212"/>
</kw>
<kw name="When The user enter an invalid number">
<arg>${lettersStr}</arg>
<kw name="Input Text" library="SeleniumLibrary">
<arg>id:phoneInputphoneNumber</arg>
<arg>${input_number}</arg>
<doc>Types the given ``text`` into the text field identified by ``locator``.</doc>
<msg timestamp="20211024 12:08:08.213" level="INFO">Typing text 'abcdef' into text field 'id:phoneInputphoneNumber'.</msg>
<status status="PASS" starttime="20211024 12:08:08.213" endtime="20211024 12:08:08.367"/>
</kw>
<kw name="Submit Form" library="SeleniumLibrary">
<doc>Submits a form identified by ``locator``.</doc>
<msg timestamp="20211024 12:08:08.368" level="INFO">Submitting form 'None'.</msg>
<status status="PASS" starttime="20211024 12:08:08.367" endtime="20211024 12:08:08.423"/>
</kw>
<kw name="Sleep" library="BuiltIn">
<arg>3s</arg>
<doc>Pauses the test executed for the given time.</doc>
<msg timestamp="20211024 12:08:11.424" level="INFO">Slept 3 seconds</msg>
<status status="PASS" starttime="20211024 12:08:08.423" endtime="20211024 12:08:11.424"/>
</kw>
<status status="PASS" starttime="20211024 12:08:08.213" endtime="20211024 12:08:11.424"/>
</kw>
<kw name="Then There is error about empty phone number shown on the page">
<kw name="Page Should Contain Element" library="SeleniumLibrary">
<arg>id:phone-number-error-phoneNumber</arg>
<doc>Verifies that element ``locator`` is found on the current page.</doc>
<msg timestamp="20211024 12:08:11.432" level="INFO">Current page contains element 'id:phone-number-error-phoneNumber'.</msg>
<status status="PASS" starttime="20211024 12:08:11.424" endtime="20211024 12:08:11.432"/>
</kw>
<kw name="Page Should Contain" library="SeleniumLibrary">
<arg>Phone number is required.</arg>
<doc>Verifies that current page contains ``text``.</doc>
<msg timestamp="20211024 12:08:11.443" level="INFO">Current page contains text 'Phone number is required.'.</msg>
<status status="PASS" starttime="20211024 12:08:11.432" endtime="20211024 12:08:11.443"/>
</kw>
<status status="PASS" starttime="20211024 12:08:11.424" endtime="20211024 12:08:11.444"/>
</kw>
<kw name="Close All Browsers" library="SeleniumLibrary" type="TEARDOWN">
<doc>Closes all open browsers and resets the browser cache.</doc>
<status status="PASS" starttime="20211024 12:08:11.444" endtime="20211024 12:08:11.522"/>
</kw>
<doc>The phone number input can not take letters as input</doc>
<status status="PASS" starttime="20211024 12:08:00.218" endtime="20211024 12:08:11.522"/>
</test>
<doc>This suite contains simple test demo for www.airbnb.com. The demonstrations contains the following
cases:
* User can search for accommodations by inputting city names
* User can not login with empty phone number input
* User can not login with fake phone number
* User can not enter letters into phone number input field

The scope of this project is limited to the functional testing of the features described above of this
document. Non-functional testing like stress,performance is beyond scope of this project.</doc>
<status status="PASS" starttime="20211024 12:07:20.638" endtime="20211024 12:08:11.523"/>
</suite>
<statistics>
<total>
<stat pass="4" fail="0" skip="0">All Tests</stat>
</total>
<tag>
</tag>
<suite>
<stat pass="4" fail="0" skip="0" id="s1" name="Test">Test</stat>
</suite>
</statistics>
<errors>
</errors>
</robot>
