<?xml version="1.0" encoding="UTF-8"?>
<robot generator="Robot 4.1.2 (Python 3.7.4 on linux)" generated="20211029 20:10:54.131" rpa="false" schemaversion="2">
<suite id="s1" name="Test" source="/home/bree/robotframework/Airbnb-Smoke-Test-with-Robot-Framework/test.robot">
<test id="s1-t1" name="User can search for accommodations by inputting city names">
<kw name="Given The user has opened the main page">
<kw name="Open Browser" library="SeleniumLibrary">
<arg>${url_main}</arg>
<arg>${browser}</arg>
<doc>Opens a new browser instance to the optional ``url``.</doc>
<msg timestamp="20211029 20:10:54.255" level="INFO">Opening browser 'chrome' to base url 'https://www.airbnb.com'.</msg>
<status status="PASS" starttime="20211029 20:10:54.255" endtime="20211029 20:10:56.228"/>
</kw>
<kw name="Get Title" library="SeleniumLibrary">
<var>${Get_title}</var>
<doc>Returns the title of the current page.</doc>
<msg timestamp="20211029 20:10:56.291" level="INFO">${Get_title} = Airbnb: Vacation Rentals, Cabins, Beach Houses, Unique Homes &amp; Experiences</msg>
<status status="PASS" starttime="20211029 20:10:56.229" endtime="20211029 20:10:56.291"/>
</kw>
<kw name="Should Be Equal As Strings" library="BuiltIn">
<arg>${Get_title}</arg>
<arg>Airbnb: Vacation Rentals, Cabins, Beach Houses, Unique Homes &amp; Experiences</arg>
<doc>Fails if objects are unequal after converting them to strings.</doc>
<status status="PASS" starttime="20211029 20:10:56.291" endtime="20211029 20:10:56.292"/>
</kw>
<kw name="Page Should Contain Element" library="SeleniumLibrary">
<arg>id:bigsearch-query-attached-location-input</arg>
<doc>Verifies that element ``locator`` is found on the current page.</doc>
<msg timestamp="20211029 20:10:56.354" level="INFO">Current page contains element 'id:bigsearch-query-attached-location-input'.</msg>
<status status="PASS" starttime="20211029 20:10:56.292" endtime="20211029 20:10:56.355"/>
</kw>
<kw name="Page Should Contain" library="SeleniumLibrary">
<arg>Not sure where to go? Perfect.</arg>
<doc>Verifies that current page contains ``text``.</doc>
<msg timestamp="20211029 20:10:56.613" level="INFO">Current page contains text 'Not sure where to go? Perfect.'.</msg>
<status status="PASS" starttime="20211029 20:10:56.356" endtime="20211029 20:10:56.613"/>
</kw>
<kw name="Sleep" library="BuiltIn">
<arg>5s</arg>
<doc>Pauses the test executed for the given time.</doc>
<msg timestamp="20211029 20:11:01.615" level="INFO">Slept 5 seconds</msg>
<status status="PASS" starttime="20211029 20:10:56.613" endtime="20211029 20:11:01.615"/>
</kw>
<status status="PASS" starttime="20211029 20:10:54.254" endtime="20211029 20:11:01.616"/>
</kw>
<kw name="When The user enters the destination city and click Search">
<kw name="Input Text" library="SeleniumLibrary">
<arg>id:bigsearch-query-attached-location-input</arg>
<arg>${location}</arg>
<doc>Types the given ``text`` into the text field identified by ``locator``.</doc>
<msg timestamp="20211029 20:11:01.619" level="INFO">Typing text 'New York' into text field 'id:bigsearch-query-attached-location-input'.</msg>
<status status="PASS" starttime="20211029 20:11:01.618" endtime="20211029 20:11:01.926"/>
</kw>
<kw name="Submit Form" library="SeleniumLibrary">
<doc>Submits a form identified by ``locator``.</doc>
<msg timestamp="20211029 20:11:01.927" level="INFO">Submitting form 'None'.</msg>
<status status="PASS" starttime="20211029 20:11:01.927" endtime="20211029 20:11:02.053"/>
</kw>
<kw name="Wait Until Page Contains" library="SeleniumLibrary">
<arg>Stays in ${location}</arg>
<doc>Waits until ``text`` appears on the current page.</doc>
<status status="PASS" starttime="20211029 20:11:02.053" endtime="20211029 20:11:03.005"/>
</kw>
<kw name="Sleep" library="BuiltIn">
<arg>5s</arg>
<doc>Pauses the test executed for the given time.</doc>
<msg timestamp="20211029 20:11:08.005" level="INFO">Slept 5 seconds</msg>
<status status="PASS" starttime="20211029 20:11:03.005" endtime="20211029 20:11:08.006"/>
</kw>
<status status="PASS" starttime="20211029 20:11:01.617" endtime="20211029 20:11:08.007"/>
</kw>
<kw name="Then The user can find the result page of the destination">
<kw name="Page Should Contain" library="SeleniumLibrary">
<arg>Stays in ${location}</arg>
<doc>Verifies that current page contains ``text``.</doc>
<msg timestamp="20211029 20:11:08.071" level="INFO">Current page contains text 'Stays in New York'.</msg>
<status status="PASS" starttime="20211029 20:11:08.009" endtime="20211029 20:11:08.072"/>
</kw>
<kw name="Page Should Contain Element" library="SeleniumLibrary">
<arg>id:menuItemButton-room_type</arg>
<doc>Verifies that element ``locator`` is found on the current page.</doc>
<msg timestamp="20211029 20:11:08.084" level="INFO">Current page contains element 'id:menuItemButton-room_type'.</msg>
<status status="PASS" starttime="20211029 20:11:08.072" endtime="20211029 20:11:08.084"/>
</kw>
<kw name="Page Should Contain Element" library="SeleniumLibrary">
<arg>id:menuItemButton-price_range</arg>
<doc>Verifies that element ``locator`` is found on the current page.</doc>
<msg timestamp="20211029 20:11:08.095" level="INFO">Current page contains element 'id:menuItemButton-price_range'.</msg>
<status status="PASS" starttime="20211029 20:11:08.085" endtime="20211029 20:11:08.095"/>
</kw>
<kw name="Page Should Contain Element" library="SeleniumLibrary">
<arg>id:menuItemButton-flexible_cancellation</arg>
<doc>Verifies that element ``locator`` is found on the current page.</doc>
<msg timestamp="20211029 20:11:08.106" level="INFO">Current page contains element 'id:menuItemButton-flexible_cancellation'.</msg>
<status status="PASS" starttime="20211029 20:11:08.096" endtime="20211029 20:11:08.106"/>
</kw>
<status status="PASS" starttime="20211029 20:11:08.008" endtime="20211029 20:11:08.107"/>
</kw>
<kw name="Close All Browsers" library="SeleniumLibrary" type="TEARDOWN">
<doc>Closes all open browsers and resets the browser cache.</doc>
<status status="PASS" starttime="20211029 20:11:08.107" endtime="20211029 20:11:08.171"/>
</kw>
<doc>The user can search for accommodations based on the location</doc>
<status status="PASS" starttime="20211029 20:10:54.254" endtime="20211029 20:11:08.171"/>
</test>
<test id="s1-t2" name="User can filter result by type of place">
<kw name="Given The user has opened the main page">
<kw name="Open Browser" library="SeleniumLibrary">
<arg>${url_main}</arg>
<arg>${browser}</arg>
<doc>Opens a new browser instance to the optional ``url``.</doc>
<msg timestamp="20211029 20:11:08.173" level="INFO">Opening browser 'chrome' to base url 'https://www.airbnb.com'.</msg>
<status status="PASS" starttime="20211029 20:11:08.173" endtime="20211029 20:11:09.762"/>
</kw>
<kw name="Get Title" library="SeleniumLibrary">
<var>${Get_title}</var>
<doc>Returns the title of the current page.</doc>
<msg timestamp="20211029 20:11:09.779" level="INFO">${Get_title} = Airbnb: Vacation Rentals, Cabins, Beach Houses, Unique Homes &amp; Experiences</msg>
<status status="PASS" starttime="20211029 20:11:09.762" endtime="20211029 20:11:09.779"/>
</kw>
<kw name="Should Be Equal As Strings" library="BuiltIn">
<arg>${Get_title}</arg>
<arg>Airbnb: Vacation Rentals, Cabins, Beach Houses, Unique Homes &amp; Experiences</arg>
<doc>Fails if objects are unequal after converting them to strings.</doc>
<status status="PASS" starttime="20211029 20:11:09.779" endtime="20211029 20:11:09.780"/>
</kw>
<kw name="Page Should Contain Element" library="SeleniumLibrary">
<arg>id:bigsearch-query-attached-location-input</arg>
<doc>Verifies that element ``locator`` is found on the current page.</doc>
<msg timestamp="20211029 20:11:09.861" level="INFO">Current page contains element 'id:bigsearch-query-attached-location-input'.</msg>
<status status="PASS" starttime="20211029 20:11:09.781" endtime="20211029 20:11:09.861"/>
</kw>
<kw name="Page Should Contain" library="SeleniumLibrary">
<arg>Not sure where to go? Perfect.</arg>
<doc>Verifies that current page contains ``text``.</doc>
<msg timestamp="20211029 20:11:09.951" level="INFO">Current page contains text 'Not sure where to go? Perfect.'.</msg>
<status status="PASS" starttime="20211029 20:11:09.861" endtime="20211029 20:11:09.951"/>
</kw>
<kw name="Sleep" library="BuiltIn">
<arg>5s</arg>
<doc>Pauses the test executed for the given time.</doc>
<msg timestamp="20211029 20:11:14.952" level="INFO">Slept 5 seconds</msg>
<status status="PASS" starttime="20211029 20:11:09.951" endtime="20211029 20:11:14.953"/>
</kw>
<status status="PASS" starttime="20211029 20:11:08.173" endtime="20211029 20:11:14.954"/>
</kw>
<kw name="And The user enters the destination city and click Search">
<kw name="Input Text" library="SeleniumLibrary">
<arg>id:bigsearch-query-attached-location-input</arg>
<arg>${location}</arg>
<doc>Types the given ``text`` into the text field identified by ``locator``.</doc>
<msg timestamp="20211029 20:11:14.957" level="INFO">Typing text 'New York' into text field 'id:bigsearch-query-attached-location-input'.</msg>
<status status="PASS" starttime="20211029 20:11:14.956" endtime="20211029 20:11:15.283"/>
</kw>
<kw name="Submit Form" library="SeleniumLibrary">
<doc>Submits a form identified by ``locator``.</doc>
<msg timestamp="20211029 20:11:15.283" level="INFO">Submitting form 'None'.</msg>
<status status="PASS" starttime="20211029 20:11:15.283" endtime="20211029 20:11:15.413"/>
</kw>
<kw name="Wait Until Page Contains" library="SeleniumLibrary">
<arg>Stays in ${location}</arg>
<doc>Waits until ``text`` appears on the current page.</doc>
<status status="PASS" starttime="20211029 20:11:15.413" endtime="20211029 20:11:16.361"/>
</kw>
<kw name="Sleep" library="BuiltIn">
<arg>5s</arg>
<doc>Pauses the test executed for the given time.</doc>
<msg timestamp="20211029 20:11:21.362" level="INFO">Slept 5 seconds</msg>
<status status="PASS" starttime="20211029 20:11:16.361" endtime="20211029 20:11:21.363"/>
</kw>
<status status="PASS" starttime="20211029 20:11:14.955" endtime="20211029 20:11:21.363"/>
</kw>
<kw name="Then The user can find the result page of the destination">
<kw name="Page Should Contain" library="SeleniumLibrary">
<arg>Stays in ${location}</arg>
<doc>Verifies that current page contains ``text``.</doc>
<msg timestamp="20211029 20:11:21.425" level="INFO">Current page contains text 'Stays in New York'.</msg>
<status status="PASS" starttime="20211029 20:11:21.365" endtime="20211029 20:11:21.425"/>
</kw>
<kw name="Page Should Contain Element" library="SeleniumLibrary">
<arg>id:menuItemButton-room_type</arg>
<doc>Verifies that element ``locator`` is found on the current page.</doc>
<msg timestamp="20211029 20:11:21.437" level="INFO">Current page contains element 'id:menuItemButton-room_type'.</msg>
<status status="PASS" starttime="20211029 20:11:21.426" endtime="20211029 20:11:21.437"/>
</kw>
<kw name="Page Should Contain Element" library="SeleniumLibrary">
<arg>id:menuItemButton-price_range</arg>
<doc>Verifies that element ``locator`` is found on the current page.</doc>
<msg timestamp="20211029 20:11:21.448" level="INFO">Current page contains element 'id:menuItemButton-price_range'.</msg>
<status status="PASS" starttime="20211029 20:11:21.438" endtime="20211029 20:11:21.449"/>
</kw>
<kw name="Page Should Contain Element" library="SeleniumLibrary">
<arg>id:menuItemButton-flexible_cancellation</arg>
<doc>Verifies that element ``locator`` is found on the current page.</doc>
<msg timestamp="20211029 20:11:21.459" level="INFO">Current page contains element 'id:menuItemButton-flexible_cancellation'.</msg>
<status status="PASS" starttime="20211029 20:11:21.449" endtime="20211029 20:11:21.460"/>
</kw>
<status status="PASS" starttime="20211029 20:11:21.364" endtime="20211029 20:11:21.460"/>
</kw>
<kw name="And The user can filter the result by type of place">
<kw name="Click Element" library="SeleniumLibrary">
<arg>xpath://*[@id="menuItemButton-room_type"]/button/span[1]/div</arg>
<doc>Click the element identified by ``locator``.</doc>
<msg timestamp="20211029 20:11:21.461" level="INFO">Clicking element 'xpath://*[@id="menuItemButton-room_type"]/button/span[1]/div'.</msg>
<status status="PASS" starttime="20211029 20:11:21.460" endtime="20211029 20:11:21.588"/>
</kw>
<kw name="Sleep" library="BuiltIn">
<arg>3s</arg>
<doc>Pauses the test executed for the given time.</doc>
<msg timestamp="20211029 20:11:24.589" level="INFO">Slept 3 seconds</msg>
<status status="PASS" starttime="20211029 20:11:21.588" endtime="20211029 20:11:24.589"/>
</kw>
<kw name="Click Element" library="SeleniumLibrary">
<arg>id:filterItem-room_type-checkbox-room_types-Hotel_room-row-checkbox</arg>
<doc>Click the element identified by ``locator``.</doc>
<msg timestamp="20211029 20:11:24.591" level="INFO">Clicking element 'id:filterItem-room_type-checkbox-room_types-Hotel_room-row-checkbox'.</msg>
<status status="PASS" starttime="20211029 20:11:24.590" endtime="20211029 20:11:24.711"/>
</kw>
<kw name="Click Button" library="SeleniumLibrary">
<arg>id:filter-panel-save-button</arg>
<doc>Clicks the button identified by ``locator``.</doc>
<msg timestamp="20211029 20:11:24.712" level="INFO">Clicking button 'id:filter-panel-save-button'.</msg>
<status status="PASS" starttime="20211029 20:11:24.712" endtime="20211029 20:11:24.786"/>
</kw>
<kw name="Sleep" library="BuiltIn">
<arg>3s</arg>
<doc>Pauses the test executed for the given time.</doc>
<msg timestamp="20211029 20:11:27.787" level="INFO">Slept 3 seconds</msg>
<status status="PASS" starttime="20211029 20:11:24.786" endtime="20211029 20:11:27.788"/>
</kw>
<kw name="Element Should Contain" library="SeleniumLibrary">
<arg>xpath://*[@id="menuItemButton-room_type"]/button/span[1]/div/span[1]</arg>
<arg>${typeOfPlace}</arg>
<doc>Verifies that element ``locator`` contains text ``expected``.</doc>
<msg timestamp="20211029 20:11:27.853" level="INFO">Element 'xpath://*[@id="menuItemButton-room_type"]/button/span[1]/div/span[1]' contains text 'Hotel room'.</msg>
<status status="PASS" starttime="20211029 20:11:27.788" endtime="20211029 20:11:27.853"/>
</kw>
<status status="PASS" starttime="20211029 20:11:21.460" endtime="20211029 20:11:27.854"/>
</kw>
<kw name="Close All Browsers" library="SeleniumLibrary" type="TEARDOWN">
<doc>Closes all open browsers and resets the browser cache.</doc>
<status status="PASS" starttime="20211029 20:11:27.854" endtime="20211029 20:11:27.923"/>
</kw>
<doc>The user can filter the search result by type of place</doc>
<status status="PASS" starttime="20211029 20:11:08.172" endtime="20211029 20:11:27.923"/>
</test>
<test id="s1-t3" name="User can not login with empty phone number input">
<kw name="Given The user opened the login page">
<kw name="Open Browser" library="SeleniumLibrary">
<arg>${url_login}</arg>
<arg>${browser}</arg>
<doc>Opens a new browser instance to the optional ``url``.</doc>
<msg timestamp="20211029 20:11:27.925" level="INFO">Opening browser 'chrome' to base url 'https://www.airbnb.com/login'.</msg>
<status status="PASS" starttime="20211029 20:11:27.924" endtime="20211029 20:11:29.769"/>
</kw>
<kw name="Get Title" library="SeleniumLibrary">
<var>${Get_title}</var>
<doc>Returns the title of the current page.</doc>
<msg timestamp="20211029 20:11:29.785" level="INFO">${Get_title} = Log In / Sign Up</msg>
<status status="PASS" starttime="20211029 20:11:29.770" endtime="20211029 20:11:29.785"/>
</kw>
<kw name="Should Be Equal As Strings" library="BuiltIn">
<arg>${Get_title}</arg>
<arg>Log In / Sign Up</arg>
<doc>Fails if objects are unequal after converting them to strings.</doc>
<status status="PASS" starttime="20211029 20:11:29.786" endtime="20211029 20:11:29.787"/>
</kw>
<kw name="Wait Until Page Contains Element" library="SeleniumLibrary">
<arg>id:phoneInputphoneNumber</arg>
<doc>Waits until the element ``locator`` appears on the current page.</doc>
<status status="PASS" starttime="20211029 20:11:29.787" endtime="20211029 20:11:29.822"/>
</kw>
<kw name="Page Should Contain" library="SeleniumLibrary">
<arg>Welcome to Airbnb</arg>
<doc>Verifies that current page contains ``text``.</doc>
<msg timestamp="20211029 20:11:29.969" level="INFO">Current page contains text 'Welcome to Airbnb'.</msg>
<status status="PASS" starttime="20211029 20:11:29.822" endtime="20211029 20:11:29.969"/>
</kw>
<kw name="Sleep" library="BuiltIn">
<arg>5s</arg>
<doc>Pauses the test executed for the given time.</doc>
<msg timestamp="20211029 20:11:34.970" level="INFO">Slept 5 seconds</msg>
<status status="PASS" starttime="20211029 20:11:29.969" endtime="20211029 20:11:34.971"/>
</kw>
<status status="PASS" starttime="20211029 20:11:27.924" endtime="20211029 20:11:34.972"/>
</kw>
<kw name="When The user clicks on the Continue button">
<kw name="Submit Form" library="SeleniumLibrary">
<doc>Submits a form identified by ``locator``.</doc>
<msg timestamp="20211029 20:11:34.975" level="INFO">Submitting form 'None'.</msg>
<status status="PASS" starttime="20211029 20:11:34.974" endtime="20211029 20:11:35.119"/>
</kw>
<kw name="Sleep" library="BuiltIn">
<arg>5s</arg>
<doc>Pauses the test executed for the given time.</doc>
<msg timestamp="20211029 20:11:40.120" level="INFO">Slept 5 seconds</msg>
<status status="PASS" starttime="20211029 20:11:35.119" endtime="20211029 20:11:40.120"/>
</kw>
<status status="PASS" starttime="20211029 20:11:34.973" endtime="20211029 20:11:40.121"/>
</kw>
<kw name="Then There is error about empty phone number shown on the page">
<kw name="Page Should Contain Element" library="SeleniumLibrary">
<arg>id:phone-number-error-phoneNumber</arg>
<doc>Verifies that element ``locator`` is found on the current page.</doc>
<msg timestamp="20211029 20:11:40.161" level="INFO">Current page contains element 'id:phone-number-error-phoneNumber'.</msg>
<status status="PASS" starttime="20211029 20:11:40.123" endtime="20211029 20:11:40.161"/>
</kw>
<kw name="Page Should Contain" library="SeleniumLibrary">
<arg>Phone number is required.</arg>
<doc>Verifies that current page contains ``text``.</doc>
<msg timestamp="20211029 20:11:40.207" level="INFO">Current page contains text 'Phone number is required.'.</msg>
<status status="PASS" starttime="20211029 20:11:40.162" endtime="20211029 20:11:40.207"/>
</kw>
<status status="PASS" starttime="20211029 20:11:40.122" endtime="20211029 20:11:40.208"/>
</kw>
<kw name="Close All Browsers" library="SeleniumLibrary" type="TEARDOWN">
<doc>Closes all open browsers and resets the browser cache.</doc>
<status status="PASS" starttime="20211029 20:11:40.208" endtime="20211029 20:11:40.285"/>
</kw>
<doc>The user can not continue to login if no phone number is entered</doc>
<status status="PASS" starttime="20211029 20:11:27.923" endtime="20211029 20:11:40.285"/>
</test>
<test id="s1-t4" name="User can not login with fake phone number">
<kw name="Given The user opened the login page">
<kw name="Open Browser" library="SeleniumLibrary">
<arg>${url_login}</arg>
<arg>${browser}</arg>
<doc>Opens a new browser instance to the optional ``url``.</doc>
<msg timestamp="20211029 20:11:40.288" level="INFO">Opening browser 'chrome' to base url 'https://www.airbnb.com/login'.</msg>
<status status="PASS" starttime="20211029 20:11:40.287" endtime="20211029 20:11:42.099"/>
</kw>
<kw name="Get Title" library="SeleniumLibrary">
<var>${Get_title}</var>
<doc>Returns the title of the current page.</doc>
<msg timestamp="20211029 20:11:42.110" level="INFO">${Get_title} = Log In / Sign Up</msg>
<status status="PASS" starttime="20211029 20:11:42.100" endtime="20211029 20:11:42.110"/>
</kw>
<kw name="Should Be Equal As Strings" library="BuiltIn">
<arg>${Get_title}</arg>
<arg>Log In / Sign Up</arg>
<doc>Fails if objects are unequal after converting them to strings.</doc>
<status status="PASS" starttime="20211029 20:11:42.111" endtime="20211029 20:11:42.111"/>
</kw>
<kw name="Wait Until Page Contains Element" library="SeleniumLibrary">
<arg>id:phoneInputphoneNumber</arg>
<doc>Waits until the element ``locator`` appears on the current page.</doc>
<status status="PASS" starttime="20211029 20:11:42.111" endtime="20211029 20:11:42.143"/>
</kw>
<kw name="Page Should Contain" library="SeleniumLibrary">
<arg>Welcome to Airbnb</arg>
<doc>Verifies that current page contains ``text``.</doc>
<msg timestamp="20211029 20:11:42.294" level="INFO">Current page contains text 'Welcome to Airbnb'.</msg>
<status status="PASS" starttime="20211029 20:11:42.143" endtime="20211029 20:11:42.294"/>
</kw>
<kw name="Sleep" library="BuiltIn">
<arg>5s</arg>
<doc>Pauses the test executed for the given time.</doc>
<msg timestamp="20211029 20:11:47.295" level="INFO">Slept 5 seconds</msg>
<status status="PASS" starttime="20211029 20:11:42.294" endtime="20211029 20:11:47.295"/>
</kw>
<status status="PASS" starttime="20211029 20:11:40.287" endtime="20211029 20:11:47.296"/>
</kw>
<kw name="And The user changes the country code to Finland if it was not">
<kw name="Get Selected List Value" library="SeleniumLibrary">
<var>${Get_country}</var>
<arg>${xpathToCountry}</arg>
<doc>Returns the value of selected option from selection list ``locator``.</doc>
<msg timestamp="20211029 20:11:48.019" level="INFO">${Get_country} = 358FI</msg>
<status status="PASS" starttime="20211029 20:11:47.298" endtime="20211029 20:11:48.019"/>
</kw>
<kw name="Run Keyword If" library="BuiltIn">
<arg>'${Get_country}' != '${Finland_code}'</arg>
<arg>Select From List By Value</arg>
<arg>${xpathToCountry} ${Finland_code}</arg>
<doc>Runs the given keyword with the given arguments, if ``condition`` is true.</doc>
<status status="PASS" starttime="20211029 20:11:48.019" endtime="20211029 20:11:48.020"/>
</kw>
<kw name="Sleep" library="BuiltIn">
<arg>3s</arg>
<doc>Pauses the test executed for the given time.</doc>
<msg timestamp="20211029 20:11:51.021" level="INFO">Slept 3 seconds</msg>
<status status="PASS" starttime="20211029 20:11:48.020" endtime="20211029 20:11:51.021"/>
</kw>
<kw name="Page Should Contain" library="SeleniumLibrary">
<arg>${Finland_code}</arg>
<doc>Verifies that current page contains ``text``.</doc>
<msg timestamp="20211029 20:11:51.076" level="INFO">Current page contains text '358FI'.</msg>
<status status="PASS" starttime="20211029 20:11:51.022" endtime="20211029 20:11:51.076"/>
</kw>
<status status="PASS" starttime="20211029 20:11:47.297" endtime="20211029 20:11:51.076"/>
</kw>
<kw name="When The user enters an invalid number">
<arg>${fake_number}</arg>
<kw name="Input Text" library="SeleniumLibrary">
<arg>id:phoneInputphoneNumber</arg>
<arg>${input_number}</arg>
<doc>Types the given ``text`` into the text field identified by ``locator``.</doc>
<msg timestamp="20211029 20:11:51.079" level="INFO">Typing text '601969763' into text field 'id:phoneInputphoneNumber'.</msg>
<status status="PASS" starttime="20211029 20:11:51.078" endtime="20211029 20:11:51.346"/>
</kw>
<status status="PASS" starttime="20211029 20:11:51.077" endtime="20211029 20:11:51.347"/>
</kw>
<kw name="And The User clicks on The Continue button">
<kw name="Submit Form" library="SeleniumLibrary">
<doc>Submits a form identified by ``locator``.</doc>
<msg timestamp="20211029 20:11:51.349" level="INFO">Submitting form 'None'.</msg>
<status status="PASS" starttime="20211029 20:11:51.348" endtime="20211029 20:11:51.447"/>
</kw>
<kw name="Sleep" library="BuiltIn">
<arg>5s</arg>
<doc>Pauses the test executed for the given time.</doc>
<msg timestamp="20211029 20:11:56.448" level="INFO">Slept 5 seconds</msg>
<status status="PASS" starttime="20211029 20:11:51.447" endtime="20211029 20:11:56.448"/>
</kw>
<status status="PASS" starttime="20211029 20:11:51.347" endtime="20211029 20:11:56.449"/>
</kw>
<kw name="Then There is error about a fake phone number">
<kw name="Page Should Contain" library="SeleniumLibrary">
<arg>We can't send a code to this phone number. Try using a different one.</arg>
<doc>Verifies that current page contains ``text``.</doc>
<msg timestamp="20211029 20:11:56.503" level="INFO">Current page contains text 'We can't send a code to this phone number. Try using a different one.'.</msg>
<status status="PASS" starttime="20211029 20:11:56.452" endtime="20211029 20:11:56.503"/>
</kw>
<status status="PASS" starttime="20211029 20:11:56.450" endtime="20211029 20:11:56.503"/>
</kw>
<kw name="Close All Browsers" library="SeleniumLibrary" type="TEARDOWN">
<doc>Closes all open browsers and resets the browser cache.</doc>
<status status="PASS" starttime="20211029 20:11:56.504" endtime="20211029 20:11:56.566"/>
</kw>
<doc>The user can not login by entering fake phone number.
This test case might fail due to the Airbnb page robot detector.
Or it already reach the maximum attempts. This test case need improvment.
Otherwise, this test case needs to be dropped from automated test.</doc>
<status status="PASS" starttime="20211029 20:11:40.286" endtime="20211029 20:11:56.566"/>
</test>
<test id="s1-t5" name="User can not enter letters into phone number input field">
<kw name="Given The user opened the login page">
<kw name="Open Browser" library="SeleniumLibrary">
<arg>${url_login}</arg>
<arg>${browser}</arg>
<doc>Opens a new browser instance to the optional ``url``.</doc>
<msg timestamp="20211029 20:11:56.569" level="INFO">Opening browser 'chrome' to base url 'https://www.airbnb.com/login'.</msg>
<status status="PASS" starttime="20211029 20:11:56.569" endtime="20211029 20:11:58.810"/>
</kw>
<kw name="Get Title" library="SeleniumLibrary">
<var>${Get_title}</var>
<doc>Returns the title of the current page.</doc>
<msg timestamp="20211029 20:11:58.819" level="INFO">${Get_title} = Log In / Sign Up</msg>
<status status="PASS" starttime="20211029 20:11:58.811" endtime="20211029 20:11:58.819"/>
</kw>
<kw name="Should Be Equal As Strings" library="BuiltIn">
<arg>${Get_title}</arg>
<arg>Log In / Sign Up</arg>
<doc>Fails if objects are unequal after converting them to strings.</doc>
<status status="PASS" starttime="20211029 20:11:58.819" endtime="20211029 20:11:58.820"/>
</kw>
<kw name="Wait Until Page Contains Element" library="SeleniumLibrary">
<arg>id:phoneInputphoneNumber</arg>
<doc>Waits until the element ``locator`` appears on the current page.</doc>
<status status="PASS" starttime="20211029 20:11:58.820" endtime="20211029 20:11:58.839"/>
</kw>
<kw name="Page Should Contain" library="SeleniumLibrary">
<arg>Welcome to Airbnb</arg>
<doc>Verifies that current page contains ``text``.</doc>
<msg timestamp="20211029 20:11:58.868" level="INFO">Current page contains text 'Welcome to Airbnb'.</msg>
<status status="PASS" starttime="20211029 20:11:58.839" endtime="20211029 20:11:58.868"/>
</kw>
<kw name="Sleep" library="BuiltIn">
<arg>5s</arg>
<doc>Pauses the test executed for the given time.</doc>
<msg timestamp="20211029 20:12:03.869" level="INFO">Slept 5 seconds</msg>
<status status="PASS" starttime="20211029 20:11:58.868" endtime="20211029 20:12:03.870"/>
</kw>
<status status="PASS" starttime="20211029 20:11:56.568" endtime="20211029 20:12:03.871"/>
</kw>
<kw name="When The user enters an invalid number">
<arg>${lettersStr}</arg>
<kw name="Input Text" library="SeleniumLibrary">
<arg>id:phoneInputphoneNumber</arg>
<arg>${input_number}</arg>
<doc>Types the given ``text`` into the text field identified by ``locator``.</doc>
<msg timestamp="20211029 20:12:03.875" level="INFO">Typing text 'abcdef' into text field 'id:phoneInputphoneNumber'.</msg>
<status status="PASS" starttime="20211029 20:12:03.874" endtime="20211029 20:12:04.160"/>
</kw>
<status status="PASS" starttime="20211029 20:12:03.872" endtime="20211029 20:12:04.161"/>
</kw>
<kw name="And The User Clicks On The Continue Button">
<kw name="Submit Form" library="SeleniumLibrary">
<doc>Submits a form identified by ``locator``.</doc>
<msg timestamp="20211029 20:12:04.162" level="INFO">Submitting form 'None'.</msg>
<status status="PASS" starttime="20211029 20:12:04.161" endtime="20211029 20:12:04.250"/>
</kw>
<kw name="Sleep" library="BuiltIn">
<arg>5s</arg>
<doc>Pauses the test executed for the given time.</doc>
<msg timestamp="20211029 20:12:09.252" level="INFO">Slept 5 seconds</msg>
<status status="PASS" starttime="20211029 20:12:04.251" endtime="20211029 20:12:09.252"/>
</kw>
<status status="PASS" starttime="20211029 20:12:04.161" endtime="20211029 20:12:09.253"/>
</kw>
<kw name="Then There is error about empty phone number shown on the page">
<kw name="Page Should Contain Element" library="SeleniumLibrary">
<arg>id:phone-number-error-phoneNumber</arg>
<doc>Verifies that element ``locator`` is found on the current page.</doc>
<msg timestamp="20211029 20:12:09.293" level="INFO">Current page contains element 'id:phone-number-error-phoneNumber'.</msg>
<status status="PASS" starttime="20211029 20:12:09.254" endtime="20211029 20:12:09.293"/>
</kw>
<kw name="Page Should Contain" library="SeleniumLibrary">
<arg>Phone number is required.</arg>
<doc>Verifies that current page contains ``text``.</doc>
<msg timestamp="20211029 20:12:09.342" level="INFO">Current page contains text 'Phone number is required.'.</msg>
<status status="PASS" starttime="20211029 20:12:09.294" endtime="20211029 20:12:09.342"/>
</kw>
<status status="PASS" starttime="20211029 20:12:09.253" endtime="20211029 20:12:09.343"/>
</kw>
<kw name="Close All Browsers" library="SeleniumLibrary" type="TEARDOWN">
<doc>Closes all open browsers and resets the browser cache.</doc>
<status status="PASS" starttime="20211029 20:12:09.343" endtime="20211029 20:12:09.404"/>
</kw>
<doc>The phone number input can not take letters as input</doc>
<status status="PASS" starttime="20211029 20:11:56.567" endtime="20211029 20:12:09.405"/>
</test>
<doc>This suite contains simple test demo for www.airbnb.com. The demonstrations contains the following
cases:

User can search for accommodations by inputting city names 
User can not login with empty phone number input 
User can not login with fake phone number 
User can not enter letters into phone number input field 

The scope of this project is limited to the functional testing of the features described above of this
document. Non-functional testing like stress,performance is beyond scope of this project.</doc>
<status status="PASS" starttime="20211029 20:10:54.132" endtime="20211029 20:12:09.406"/>
</suite>
<statistics>
<total>
<stat pass="5" fail="0" skip="0">All Tests</stat>
</total>
<tag>
</tag>
<suite>
<stat pass="5" fail="0" skip="0" id="s1" name="Test">Test</stat>
</suite>
</statistics>
<errors>
</errors>
</robot>
