<?xml version="1.0" encoding="UTF-8"?>
<robot generator="Robot 4.1.2 (Python 3.7.4 on linux)" generated="20211023 22:26:56.016" rpa="false" schemaversion="2">
<suite id="s1" name="Test" source="/home/bree/robotframework-testing/test.robot">
<test id="s1-t1" name="User can search for accomondations by inputting city names">
<kw name="Given The user have opened the page">
<kw name="Open Browser" library="SeleniumLibrary">
<arg>${url_main}</arg>
<arg>${browser}</arg>
<doc>Opens a new browser instance to the optional ``url``.</doc>
<msg timestamp="20211023 22:26:56.135" level="INFO">Opening browser 'chrome' to base url 'https://www.airbnb.com'.</msg>
<status status="PASS" starttime="20211023 22:26:56.135" endtime="20211023 22:26:57.628"/>
</kw>
<kw name="Get Title" library="SeleniumLibrary">
<var>${Get_title}</var>
<doc>Returns the title of the current page.</doc>
<msg timestamp="20211023 22:26:57.654" level="INFO">${Get_title} = Airbnb: Vacation Rentals, Cabins, Beach Houses, Unique Homes &amp; Experiences</msg>
<status status="PASS" starttime="20211023 22:26:57.629" endtime="20211023 22:26:57.654"/>
</kw>
<kw name="Should Be Equal As Strings" library="BuiltIn">
<arg>${Get_title}</arg>
<arg>Airbnb: Vacation Rentals, Cabins, Beach Houses, Unique Homes &amp; Experiences</arg>
<doc>Fails if objects are unequal after converting them to strings.</doc>
<status status="PASS" starttime="20211023 22:26:57.655" endtime="20211023 22:26:57.655"/>
</kw>
<kw name="Page Should Contain Element" library="SeleniumLibrary">
<arg>id:bigsearch-query-attached-location-input</arg>
<doc>Verifies that element ``locator`` is found on the current page.</doc>
<msg timestamp="20211023 22:26:57.700" level="INFO">Current page contains element 'id:bigsearch-query-attached-location-input'.</msg>
<status status="PASS" starttime="20211023 22:26:57.656" endtime="20211023 22:26:57.700"/>
</kw>
<kw name="Page Should Contain" library="SeleniumLibrary">
<arg>Not sure where to go? Perfect.</arg>
<doc>Verifies that current page contains ``text``.</doc>
<msg timestamp="20211023 22:26:57.859" level="INFO">Current page contains text 'Not sure where to go? Perfect.'.</msg>
<status status="PASS" starttime="20211023 22:26:57.700" endtime="20211023 22:26:57.859"/>
</kw>
<kw name="Sleep" library="BuiltIn">
<arg>5s</arg>
<doc>Pauses the test executed for the given time.</doc>
<msg timestamp="20211023 22:27:02.860" level="INFO">Slept 5 seconds</msg>
<status status="PASS" starttime="20211023 22:26:57.859" endtime="20211023 22:27:02.861"/>
</kw>
<status status="PASS" starttime="20211023 22:26:56.135" endtime="20211023 22:27:02.861"/>
</kw>
<kw name="When The user enter the destination city and click search">
<kw name="Input Text" library="SeleniumLibrary">
<arg>id:bigsearch-query-attached-location-input</arg>
<arg>${location}</arg>
<doc>Types the given ``text`` into the text field identified by ``locator``.</doc>
<msg timestamp="20211023 22:27:02.863" level="INFO">Typing text 'New York' into text field 'id:bigsearch-query-attached-location-input'.</msg>
<status status="PASS" starttime="20211023 22:27:02.863" endtime="20211023 22:27:03.226"/>
</kw>
<kw name="Submit Form" library="SeleniumLibrary">
<doc>Submits a form identified by ``locator``.</doc>
<msg timestamp="20211023 22:27:03.227" level="INFO">Submitting form 'None'.</msg>
<status status="PASS" starttime="20211023 22:27:03.227" endtime="20211023 22:27:03.349"/>
</kw>
<kw name="Wait Until Page Contains" library="SeleniumLibrary">
<arg>Stays in ${location}</arg>
<doc>Waits until ``text`` appears on the current page.</doc>
<status status="PASS" starttime="20211023 22:27:03.349" endtime="20211023 22:27:04.279"/>
</kw>
<kw name="Sleep" library="BuiltIn">
<arg>5s</arg>
<doc>Pauses the test executed for the given time.</doc>
<msg timestamp="20211023 22:27:09.280" level="INFO">Slept 5 seconds</msg>
<status status="PASS" starttime="20211023 22:27:04.279" endtime="20211023 22:27:09.280"/>
</kw>
<status status="PASS" starttime="20211023 22:27:02.862" endtime="20211023 22:27:09.280"/>
</kw>
<kw name="Then The user can find a list of accomations located in the destination city">
<kw name="Page Should Contain" library="SeleniumLibrary">
<arg>Stays in ${location}</arg>
<doc>Verifies that current page contains ``text``.</doc>
<msg timestamp="20211023 22:27:09.300" level="INFO">Current page contains text 'Stays in New York'.</msg>
<status status="PASS" starttime="20211023 22:27:09.280" endtime="20211023 22:27:09.300"/>
</kw>
<kw name="Page Should Contain Element" library="SeleniumLibrary">
<arg>id:menuItemButton-room_type</arg>
<doc>Verifies that element ``locator`` is found on the current page.</doc>
<msg timestamp="20211023 22:27:09.311" level="INFO">Current page contains element 'id:menuItemButton-room_type'.</msg>
<status status="PASS" starttime="20211023 22:27:09.300" endtime="20211023 22:27:09.311"/>
</kw>
<kw name="Page Should Contain Element" library="SeleniumLibrary">
<arg>id:menuItemButton-price_range</arg>
<doc>Verifies that element ``locator`` is found on the current page.</doc>
<msg timestamp="20211023 22:27:09.321" level="INFO">Current page contains element 'id:menuItemButton-price_range'.</msg>
<status status="PASS" starttime="20211023 22:27:09.311" endtime="20211023 22:27:09.321"/>
</kw>
<kw name="Page Should Contain Element" library="SeleniumLibrary">
<arg>id:menuItemButton-flexible_cancellation</arg>
<doc>Verifies that element ``locator`` is found on the current page.</doc>
<msg timestamp="20211023 22:27:09.332" level="INFO">Current page contains element 'id:menuItemButton-flexible_cancellation'.</msg>
<status status="PASS" starttime="20211023 22:27:09.322" endtime="20211023 22:27:09.332"/>
</kw>
<status status="PASS" starttime="20211023 22:27:09.280" endtime="20211023 22:27:09.332"/>
</kw>
<kw name="Close All Browsers" library="SeleniumLibrary" type="TEARDOWN">
<doc>Closes all open browsers and resets the browser cache.</doc>
<status status="PASS" starttime="20211023 22:27:09.332" endtime="20211023 22:27:09.397"/>
</kw>
<doc>The user can search for accomondations based on the location</doc>
<status status="PASS" starttime="20211023 22:26:56.134" endtime="20211023 22:27:09.397"/>
</test>
<test id="s1-t2" name="User can not login with empty phone number input">
<kw name="Given The user opened the login page">
<kw name="Open Browser" library="SeleniumLibrary">
<arg>${url_login}</arg>
<arg>${browser}</arg>
<doc>Opens a new browser instance to the optional ``url``.</doc>
<msg timestamp="20211023 22:27:09.399" level="INFO">Opening browser 'chrome' to base url 'https://www.airbnb.com/login'.</msg>
<status status="PASS" starttime="20211023 22:27:09.399" endtime="20211023 22:27:11.295"/>
</kw>
<kw name="Get Title" library="SeleniumLibrary">
<var>${Get_title}</var>
<doc>Returns the title of the current page.</doc>
<msg timestamp="20211023 22:27:11.311" level="INFO">${Get_title} = Log In / Sign Up</msg>
<status status="PASS" starttime="20211023 22:27:11.295" endtime="20211023 22:27:11.311"/>
</kw>
<kw name="Should Be Equal As Strings" library="BuiltIn">
<arg>${Get_title}</arg>
<arg>Log In / Sign Up</arg>
<doc>Fails if objects are unequal after converting them to strings.</doc>
<status status="PASS" starttime="20211023 22:27:11.311" endtime="20211023 22:27:11.312"/>
</kw>
<kw name="Wait Until Page Contains Element" library="SeleniumLibrary">
<arg>id:phoneInputphoneNumber</arg>
<doc>Waits until the element ``locator`` appears on the current page.</doc>
<status status="PASS" starttime="20211023 22:27:11.312" endtime="20211023 22:27:11.349"/>
</kw>
<kw name="Page Should Contain" library="SeleniumLibrary">
<arg>Welcome to Airbnb</arg>
<doc>Verifies that current page contains ``text``.</doc>
<msg timestamp="20211023 22:27:11.493" level="INFO">Current page contains text 'Welcome to Airbnb'.</msg>
<status status="PASS" starttime="20211023 22:27:11.349" endtime="20211023 22:27:11.493"/>
</kw>
<kw name="Sleep" library="BuiltIn">
<arg>5s</arg>
<doc>Pauses the test executed for the given time.</doc>
<msg timestamp="20211023 22:27:16.494" level="INFO">Slept 5 seconds</msg>
<status status="PASS" starttime="20211023 22:27:11.493" endtime="20211023 22:27:16.495"/>
</kw>
<status status="PASS" starttime="20211023 22:27:09.398" endtime="20211023 22:27:16.496"/>
</kw>
<kw name="When The user click on the Continue button">
<kw name="Submit Form" library="SeleniumLibrary">
<doc>Submits a form identified by ``locator``.</doc>
<msg timestamp="20211023 22:27:16.498" level="INFO">Submitting form 'None'.</msg>
<status status="PASS" starttime="20211023 22:27:16.497" endtime="20211023 22:27:16.655"/>
</kw>
<kw name="Sleep" library="BuiltIn">
<arg>3s</arg>
<doc>Pauses the test executed for the given time.</doc>
<msg timestamp="20211023 22:27:19.656" level="INFO">Slept 3 seconds</msg>
<status status="PASS" starttime="20211023 22:27:16.655" endtime="20211023 22:27:19.656"/>
</kw>
<status status="PASS" starttime="20211023 22:27:16.497" endtime="20211023 22:27:19.657"/>
</kw>
<kw name="Then There is error about empty phone number shown on the page">
<kw name="Page Should Contain Element" library="SeleniumLibrary">
<arg>id:phone-number-error-phoneNumber</arg>
<doc>Verifies that element ``locator`` is found on the current page.</doc>
<msg timestamp="20211023 22:27:19.701" level="INFO">Current page contains element 'id:phone-number-error-phoneNumber'.</msg>
<status status="PASS" starttime="20211023 22:27:19.659" endtime="20211023 22:27:19.701"/>
</kw>
<kw name="Page Should Contain" library="SeleniumLibrary">
<arg>Phone number is required.</arg>
<doc>Verifies that current page contains ``text``.</doc>
<msg timestamp="20211023 22:27:19.731" level="INFO">Current page contains text 'Phone number is required.'.</msg>
<status status="PASS" starttime="20211023 22:27:19.702" endtime="20211023 22:27:19.731"/>
</kw>
<status status="PASS" starttime="20211023 22:27:19.658" endtime="20211023 22:27:19.731"/>
</kw>
<kw name="Close All Browsers" library="SeleniumLibrary" type="TEARDOWN">
<doc>Closes all open browsers and resets the browser cache.</doc>
<status status="PASS" starttime="20211023 22:27:19.732" endtime="20211023 22:27:19.808"/>
</kw>
<doc>The user can not continue to login if no phone number is entered</doc>
<status status="PASS" starttime="20211023 22:27:09.398" endtime="20211023 22:27:19.808"/>
</test>
<test id="s1-t3" name="User can not login with fake phone number">
<kw name="Given The user opened the login page">
<kw name="Open Browser" library="SeleniumLibrary">
<arg>${url_login}</arg>
<arg>${browser}</arg>
<doc>Opens a new browser instance to the optional ``url``.</doc>
<msg timestamp="20211023 22:27:19.811" level="INFO">Opening browser 'chrome' to base url 'https://www.airbnb.com/login'.</msg>
<status status="PASS" starttime="20211023 22:27:19.810" endtime="20211023 22:27:21.759"/>
</kw>
<kw name="Get Title" library="SeleniumLibrary">
<var>${Get_title}</var>
<doc>Returns the title of the current page.</doc>
<msg timestamp="20211023 22:27:21.770" level="INFO">${Get_title} = Log In / Sign Up</msg>
<status status="PASS" starttime="20211023 22:27:21.759" endtime="20211023 22:27:21.771"/>
</kw>
<kw name="Should Be Equal As Strings" library="BuiltIn">
<arg>${Get_title}</arg>
<arg>Log In / Sign Up</arg>
<doc>Fails if objects are unequal after converting them to strings.</doc>
<status status="PASS" starttime="20211023 22:27:21.771" endtime="20211023 22:27:21.771"/>
</kw>
<kw name="Wait Until Page Contains Element" library="SeleniumLibrary">
<arg>id:phoneInputphoneNumber</arg>
<doc>Waits until the element ``locator`` appears on the current page.</doc>
<status status="PASS" starttime="20211023 22:27:21.771" endtime="20211023 22:27:21.798"/>
</kw>
<kw name="Page Should Contain" library="SeleniumLibrary">
<arg>Welcome to Airbnb</arg>
<doc>Verifies that current page contains ``text``.</doc>
<msg timestamp="20211023 22:27:21.949" level="INFO">Current page contains text 'Welcome to Airbnb'.</msg>
<status status="PASS" starttime="20211023 22:27:21.798" endtime="20211023 22:27:21.949"/>
</kw>
<kw name="Sleep" library="BuiltIn">
<arg>5s</arg>
<doc>Pauses the test executed for the given time.</doc>
<msg timestamp="20211023 22:27:26.950" level="INFO">Slept 5 seconds</msg>
<status status="PASS" starttime="20211023 22:27:21.950" endtime="20211023 22:27:26.951"/>
</kw>
<status status="PASS" starttime="20211023 22:27:19.809" endtime="20211023 22:27:26.951"/>
</kw>
<kw name="When The user change the contry code to Finland if it was not">
<kw name="Get Selected List Value" library="SeleniumLibrary">
<var>${Get_country}</var>
<arg>${xpathToCountry}</arg>
<doc>Returns the value of selected option from selection list ``locator``.</doc>
<msg timestamp="20211023 22:27:27.677" level="INFO">${Get_country} = 358FI</msg>
<status status="PASS" starttime="20211023 22:27:26.954" endtime="20211023 22:27:27.677"/>
</kw>
<kw name="Run Keyword If" library="BuiltIn">
<arg>'${Get_country}' != '${Finland_code}'</arg>
<arg>Select From List By Value</arg>
<arg>${xpathToCountry} ${Finland_code}</arg>
<doc>Runs the given keyword with the given arguments, if ``condition`` is true.</doc>
<status status="PASS" starttime="20211023 22:27:27.677" endtime="20211023 22:27:27.677"/>
</kw>
<kw name="Sleep" library="BuiltIn">
<arg>3s</arg>
<doc>Pauses the test executed for the given time.</doc>
<msg timestamp="20211023 22:27:30.678" level="INFO">Slept 3 seconds</msg>
<status status="PASS" starttime="20211023 22:27:27.677" endtime="20211023 22:27:30.679"/>
</kw>
<kw name="Page Should Contain" library="SeleniumLibrary">
<arg>${Finland_code}</arg>
<doc>Verifies that current page contains ``text``.</doc>
<msg timestamp="20211023 22:27:30.732" level="INFO">Current page contains text '358FI'.</msg>
<status status="PASS" starttime="20211023 22:27:30.679" endtime="20211023 22:27:30.732"/>
</kw>
<status status="PASS" starttime="20211023 22:27:26.952" endtime="20211023 22:27:30.733"/>
</kw>
<kw name="And The user enter an invalid number">
<arg>${fake_number}</arg>
<kw name="Input Text" library="SeleniumLibrary">
<arg>id:phoneInputphoneNumber</arg>
<arg>${input_number}</arg>
<doc>Types the given ``text`` into the text field identified by ``locator``.</doc>
<msg timestamp="20211023 22:27:30.734" level="INFO">Typing text '123456' into text field 'id:phoneInputphoneNumber'.</msg>
<status status="PASS" starttime="20211023 22:27:30.734" endtime="20211023 22:27:30.969"/>
</kw>
<kw name="Submit Form" library="SeleniumLibrary">
<doc>Submits a form identified by ``locator``.</doc>
<msg timestamp="20211023 22:27:30.970" level="INFO">Submitting form 'None'.</msg>
<status status="PASS" starttime="20211023 22:27:30.969" endtime="20211023 22:27:31.066"/>
</kw>
<kw name="Sleep" library="BuiltIn">
<arg>3s</arg>
<doc>Pauses the test executed for the given time.</doc>
<msg timestamp="20211023 22:27:34.067" level="INFO">Slept 3 seconds</msg>
<status status="PASS" starttime="20211023 22:27:31.067" endtime="20211023 22:27:34.068"/>
</kw>
<status status="PASS" starttime="20211023 22:27:30.733" endtime="20211023 22:27:34.068"/>
</kw>
<kw name="Then There is error about a fake phone number">
<kw name="Page Should Contain" library="SeleniumLibrary">
<arg>We can't send a code to this phone number. Try using a different one.</arg>
<doc>Verifies that current page contains ``text``.</doc>
<msg timestamp="20211023 22:27:34.123" level="INFO">Current page contains text 'We can't send a code to this phone number. Try using a different one.'.</msg>
<status status="PASS" starttime="20211023 22:27:34.070" endtime="20211023 22:27:34.123"/>
</kw>
<status status="PASS" starttime="20211023 22:27:34.069" endtime="20211023 22:27:34.124"/>
</kw>
<kw name="Close All Browsers" library="SeleniumLibrary" type="TEARDOWN">
<doc>Closes all open browsers and resets the browser cache.</doc>
<status status="PASS" starttime="20211023 22:27:34.124" endtime="20211023 22:27:34.204"/>
</kw>
<doc>The user can not login by entering fake phone number</doc>
<status status="PASS" starttime="20211023 22:27:19.809" endtime="20211023 22:27:34.204"/>
</test>
<test id="s1-t4" name="User can not enter letters into phone number input field">
<kw name="Given The user opened the login page">
<kw name="Open Browser" library="SeleniumLibrary">
<arg>${url_login}</arg>
<arg>${browser}</arg>
<doc>Opens a new browser instance to the optional ``url``.</doc>
<msg timestamp="20211023 22:27:34.206" level="INFO">Opening browser 'chrome' to base url 'https://www.airbnb.com/login'.</msg>
<status status="PASS" starttime="20211023 22:27:34.205" endtime="20211023 22:27:36.335"/>
</kw>
<kw name="Get Title" library="SeleniumLibrary">
<var>${Get_title}</var>
<doc>Returns the title of the current page.</doc>
<msg timestamp="20211023 22:27:36.348" level="INFO">${Get_title} = Log In / Sign Up</msg>
<status status="PASS" starttime="20211023 22:27:36.335" endtime="20211023 22:27:36.348"/>
</kw>
<kw name="Should Be Equal As Strings" library="BuiltIn">
<arg>${Get_title}</arg>
<arg>Log In / Sign Up</arg>
<doc>Fails if objects are unequal after converting them to strings.</doc>
<status status="PASS" starttime="20211023 22:27:36.348" endtime="20211023 22:27:36.349"/>
</kw>
<kw name="Wait Until Page Contains Element" library="SeleniumLibrary">
<arg>id:phoneInputphoneNumber</arg>
<doc>Waits until the element ``locator`` appears on the current page.</doc>
<status status="PASS" starttime="20211023 22:27:36.349" endtime="20211023 22:27:36.371"/>
</kw>
<kw name="Page Should Contain" library="SeleniumLibrary">
<arg>Welcome to Airbnb</arg>
<doc>Verifies that current page contains ``text``.</doc>
<msg timestamp="20211023 22:27:36.527" level="INFO">Current page contains text 'Welcome to Airbnb'.</msg>
<status status="PASS" starttime="20211023 22:27:36.372" endtime="20211023 22:27:36.527"/>
</kw>
<kw name="Sleep" library="BuiltIn">
<arg>5s</arg>
<doc>Pauses the test executed for the given time.</doc>
<msg timestamp="20211023 22:27:41.528" level="INFO">Slept 5 seconds</msg>
<status status="PASS" starttime="20211023 22:27:36.527" endtime="20211023 22:27:41.528"/>
</kw>
<status status="PASS" starttime="20211023 22:27:34.205" endtime="20211023 22:27:41.529"/>
</kw>
<kw name="When The user enter an invalid number">
<arg>${lettersStr}</arg>
<kw name="Input Text" library="SeleniumLibrary">
<arg>id:phoneInputphoneNumber</arg>
<arg>${input_number}</arg>
<doc>Types the given ``text`` into the text field identified by ``locator``.</doc>
<msg timestamp="20211023 22:27:41.532" level="INFO">Typing text 'abcdef' into text field 'id:phoneInputphoneNumber'.</msg>
<status status="PASS" starttime="20211023 22:27:41.532" endtime="20211023 22:27:41.805"/>
</kw>
<kw name="Submit Form" library="SeleniumLibrary">
<doc>Submits a form identified by ``locator``.</doc>
<msg timestamp="20211023 22:27:41.806" level="INFO">Submitting form 'None'.</msg>
<status status="PASS" starttime="20211023 22:27:41.806" endtime="20211023 22:27:41.909"/>
</kw>
<kw name="Sleep" library="BuiltIn">
<arg>3s</arg>
<doc>Pauses the test executed for the given time.</doc>
<msg timestamp="20211023 22:27:44.910" level="INFO">Slept 3 seconds</msg>
<status status="PASS" starttime="20211023 22:27:41.910" endtime="20211023 22:27:44.911"/>
</kw>
<status status="PASS" starttime="20211023 22:27:41.530" endtime="20211023 22:27:44.911"/>
</kw>
<kw name="Then There is error about empty phone number shown on the page">
<kw name="Page Should Contain Element" library="SeleniumLibrary">
<arg>id:phone-number-error-phoneNumber</arg>
<doc>Verifies that element ``locator`` is found on the current page.</doc>
<msg timestamp="20211023 22:27:44.950" level="INFO">Current page contains element 'id:phone-number-error-phoneNumber'.</msg>
<status status="PASS" starttime="20211023 22:27:44.913" endtime="20211023 22:27:44.951"/>
</kw>
<kw name="Page Should Contain" library="SeleniumLibrary">
<arg>Phone number is required.</arg>
<doc>Verifies that current page contains ``text``.</doc>
<msg timestamp="20211023 22:27:44.995" level="INFO">Current page contains text 'Phone number is required.'.</msg>
<status status="PASS" starttime="20211023 22:27:44.951" endtime="20211023 22:27:44.995"/>
</kw>
<status status="PASS" starttime="20211023 22:27:44.912" endtime="20211023 22:27:44.996"/>
</kw>
<kw name="Close All Browsers" library="SeleniumLibrary" type="TEARDOWN">
<doc>Closes all open browsers and resets the browser cache.</doc>
<status status="PASS" starttime="20211023 22:27:44.996" endtime="20211023 22:27:45.057"/>
</kw>
<doc>The phone number input can not take letters as input</doc>
<status status="PASS" starttime="20211023 22:27:34.204" endtime="20211023 22:27:45.057"/>
</test>
<doc>This suite contains simple test demo for www.airbnb.com</doc>
<status status="PASS" starttime="20211023 22:26:56.017" endtime="20211023 22:27:45.059"/>
</suite>
<statistics>
<total>
<stat pass="4" fail="0" skip="0">All Tests</stat>
</total>
<tag>
</tag>
<suite>
<stat pass="4" fail="0" skip="0" id="s1" name="Test">Test</stat>
</suite>
</statistics>
<errors>
</errors>
</robot>
